#-----------------------------------------------------------
# xsim v2022.1 (64-bit)
# SW Build 3526262 on Mon Apr 18 15:47:01 MDT 2022
# IP Build 3524634 on Mon Apr 18 20:55:01 MDT 2022
# Start of session at: Thu Oct 13 18:51:59 2022
# Process ID: 624294
# Current directory: /mnt/HLSNAS/01.XkQjFq/Vitis-Tutorials/Hardware_Acceleration/Feature_Tutorials/02-mixing-c-rtl-kernels/reference-files2/.run/624249/hw_em/device0/binary_0/behav_waveform/xsim
# Command line: xsim -log simulate.log -mode tcl -source {xsim.dir/pfm_top_wrapper_behav/xsim_script.tcl}
# Log file: /mnt/HLSNAS/01.XkQjFq/Vitis-Tutorials/Hardware_Acceleration/Feature_Tutorials/02-mixing-c-rtl-kernels/reference-files2/.run/624249/hw_em/device0/binary_0/behav_waveform/xsim/simulate.log
# Journal file: /mnt/HLSNAS/01.XkQjFq/Vitis-Tutorials/Hardware_Acceleration/Feature_Tutorials/02-mixing-c-rtl-kernels/reference-files2/.run/624249/hw_em/device0/binary_0/behav_waveform/xsim/xsim.jou
# Running On: HLS01, OS: Linux, CPU Frequency: 3476.033 MHz, CPU Physical cores: 8, Host memory: 50291 MB
#-----------------------------------------------------------
source xsim.dir/pfm_top_wrapper_behav/xsim_script.tcl
# xsim {pfm_top_wrapper_behav} -wdb {xilinx_u50_gen3x16_xdma_5_202210_1-0-krnl_vadd.hw_emu.xilinx_u50_gen3x16_xdma_5_202210_1.wdb} -autoloadwcfg -tclbatch {pfm_top_wrapper.tcl} -key {Behavioral:sim_1:Functional:pfm_top_wrapper} -protoinst {protoinst_files/bd_f615.protoinst} -protoinst {protoinst_files/bd_4bfa.protoinst} -protoinst {protoinst_files/bd_2b97.protoinst} -protoinst {protoinst_files/bd_4688.protoinst} -protoinst {protoinst_files/bd_86d9.protoinst} -protoinst {protoinst_files/bd_8629.protoinst} -protoinst {protoinst_files/bd_4678.protoinst} -protoinst {protoinst_files/bd_d216.protoinst} -protoinst {protoinst_files/bd_763a.protoinst} -protoinst {protoinst_files/bd_b62f.protoinst} -protoinst {protoinst_files/bd_76e2.protoinst} -protoinst {protoinst_files/bd_b6f7.protoinst} -protoinst {protoinst_files/bd_5dca.protoinst} -protoinst {protoinst_files/pfm_dynamic.protoinst} -protoinst {protoinst_files/bd_387c.protoinst} -protoinst {protoinst_files/pfm_top.protoinst} -protoinst {./dr_behav.protoinst}

Warning: (W505) object already exists: .pfm_top_wrapper.pfm_top_i.pfm_dynamic_inst.System_DPA.dpa_hub.inst.s_aximm_wr_util. Latter declaration will be renamed to .pfm_top_wrapper.pfm_top_i.pfm_dynamic_inst.System_DPA.dpa_hub.inst.s_aximm_wr_util_0
In file: sc_object_manager.cpp:161

Warning: (W505) object already exists: .pfm_top_wrapper.pfm_top_i.pfm_dynamic_inst.System_DPA.dpa_mon0.inst.rd_mon.rd_skt. Latter declaration will be renamed to .pfm_top_wrapper.pfm_top_i.pfm_dynamic_inst.System_DPA.dpa_mon0.inst.rd_mon.rd_skt_0
In file: sc_object_manager.cpp:161
CRITICAL_WARNING::[ XTLM::751 ] Deprecated.! Please instantiate Memory Manager with this pointer (sc_module pointer).

Warning: (W505) object already exists: .pfm_top_wrapper.pfm_top_i.pfm_dynamic_inst.System_DPA.dpa_mon0.inst.wr_mon.wr_skt. Latter declaration will be renamed to .pfm_top_wrapper.pfm_top_i.pfm_dynamic_inst.System_DPA.dpa_mon0.inst.wr_mon.wr_skt_0
In file: sc_object_manager.cpp:161
CRITICAL_WARNING::[ XTLM::751 ] Deprecated.! Please instantiate Memory Manager with this pointer (sc_module pointer).

Warning: (W505) object already exists: .pfm_top_wrapper.pfm_top_i.pfm_dynamic_inst.System_DPA.dpa_mon0.inst.mon_saxi_rd_socket. Latter declaration will be renamed to .pfm_top_wrapper.pfm_top_i.pfm_dynamic_inst.System_DPA.dpa_mon0.inst.mon_saxi_rd_socket_0
In file: sc_object_manager.cpp:161

Warning: (W505) object already exists: .pfm_top_wrapper.pfm_top_i.pfm_dynamic_inst.System_DPA.dpa_mon0.inst.mon_saxi_wr_socket. Latter declaration will be renamed to .pfm_top_wrapper.pfm_top_i.pfm_dynamic_inst.System_DPA.dpa_mon0.inst.mon_saxi_wr_socket_0
In file: sc_object_manager.cpp:161

Info: (I804) /IEEE_Std_1666/deprecated: sc_sensitive_neg is deprecated use sc_sensitive << with neg() instead

Warning: (W505) object already exists: .pfm_top_wrapper.pfm_top_i.pfm_dynamic_inst.System_DPA.dpa_mon1.inst.rd_mon.rd_skt. Latter declaration will be renamed to .pfm_top_wrapper.pfm_top_i.pfm_dynamic_inst.System_DPA.dpa_mon1.inst.rd_mon.rd_skt_0
In file: sc_object_manager.cpp:161
CRITICAL_WARNING::[ XTLM::751 ] Deprecated.! Please instantiate Memory Manager with this pointer (sc_module pointer).

Warning: (W505) object already exists: .pfm_top_wrapper.pfm_top_i.pfm_dynamic_inst.System_DPA.dpa_mon1.inst.wr_mon.wr_skt. Latter declaration will be renamed to .pfm_top_wrapper.pfm_top_i.pfm_dynamic_inst.System_DPA.dpa_mon1.inst.wr_mon.wr_skt_0
In file: sc_object_manager.cpp:161
CRITICAL_WARNING::[ XTLM::751 ] Deprecated.! Please instantiate Memory Manager with this pointer (sc_module pointer).

Warning: (W505) object already exists: .pfm_top_wrapper.pfm_top_i.pfm_dynamic_inst.System_DPA.dpa_mon1.inst.mon_saxi_rd_socket. Latter declaration will be renamed to .pfm_top_wrapper.pfm_top_i.pfm_dynamic_inst.System_DPA.dpa_mon1.inst.mon_saxi_rd_socket_0
In file: sc_object_manager.cpp:161

Warning: (W505) object already exists: .pfm_top_wrapper.pfm_top_i.pfm_dynamic_inst.System_DPA.dpa_mon1.inst.mon_saxi_wr_socket. Latter declaration will be renamed to .pfm_top_wrapper.pfm_top_i.pfm_dynamic_inst.System_DPA.dpa_mon1.inst.mon_saxi_wr_socket_0
In file: sc_object_manager.cpp:161

Warning: (W505) object already exists: .pfm_top_wrapper.pfm_top_i.pfm_dynamic_inst.System_DPA.dpa_mon2.inst.rd_mon.rd_skt. Latter declaration will be renamed to .pfm_top_wrapper.pfm_top_i.pfm_dynamic_inst.System_DPA.dpa_mon2.inst.rd_mon.rd_skt_0
In file: sc_object_manager.cpp:161
CRITICAL_WARNING::[ XTLM::751 ] Deprecated.! Please instantiate Memory Manager with this pointer (sc_module pointer).

Warning: (W505) object already exists: .pfm_top_wrapper.pfm_top_i.pfm_dynamic_inst.System_DPA.dpa_mon2.inst.wr_mon.wr_skt. Latter declaration will be renamed to .pfm_top_wrapper.pfm_top_i.pfm_dynamic_inst.System_DPA.dpa_mon2.inst.wr_mon.wr_skt_0
In file: sc_object_manager.cpp:161
CRITICAL_WARNING::[ XTLM::751 ] Deprecated.! Please instantiate Memory Manager with this pointer (sc_module pointer).

Warning: (W505) object already exists: .pfm_top_wrapper.pfm_top_i.pfm_dynamic_inst.System_DPA.dpa_mon2.inst.mon_saxi_rd_socket. Latter declaration will be renamed to .pfm_top_wrapper.pfm_top_i.pfm_dynamic_inst.System_DPA.dpa_mon2.inst.mon_saxi_rd_socket_0
In file: sc_object_manager.cpp:161

Warning: (W505) object already exists: .pfm_top_wrapper.pfm_top_i.pfm_dynamic_inst.System_DPA.dpa_mon2.inst.mon_saxi_wr_socket. Latter declaration will be renamed to .pfm_top_wrapper.pfm_top_i.pfm_dynamic_inst.System_DPA.dpa_mon2.inst.mon_saxi_wr_socket_0
In file: sc_object_manager.cpp:161
CRITICAL_WARNING::[ XTLM::751 ] Deprecated.! Please instantiate Memory Manager with this pointer (sc_module pointer).
CRITICAL_WARNING::[ XTLM::751 ] Deprecated.! Please instantiate Memory Manager with this pointer (sc_module pointer).
CRITICAL_WARNING::[ XTLM::751 ] Deprecated.! Please instantiate Memory Manager with this pointer (sc_module pointer).
CRITICAL_WARNING::[ XTLM::751 ] Deprecated.! Please instantiate Memory Manager with this pointer (sc_module pointer).
CRITICAL_WARNING::[ XTLM::751 ] Deprecated.! Please instantiate Memory Manager with this pointer (sc_module pointer).
CRITICAL_WARNING::[ XTLM::751 ] Deprecated.! Please instantiate Memory Manager with this pointer (sc_module pointer).
CRITICAL_WARNING::[ XTLM::751 ] Deprecated.! Please instantiate Memory Manager with this pointer (sc_module pointer).
CRITICAL_WARNING::[ XTLM::751 ] Deprecated.! Please instantiate Memory Manager with this pointer (sc_module pointer).
CRITICAL_WARNING::[ XTLM::751 ] Deprecated.! Please instantiate Memory Manager with this pointer (sc_module pointer).
CRITICAL_WARNING::[ XTLM::751 ] Deprecated.! Please instantiate Memory Manager with this pointer (sc_module pointer).
CRITICAL_WARNING::[ XTLM::751 ] Deprecated.! Please instantiate Memory Manager with this pointer (sc_module pointer).
CRITICAL_WARNING::[ XTLM::751 ] Deprecated.! Please instantiate Memory Manager with this pointer (sc_module pointer).
CRITICAL_WARNING::[ XTLM::751 ] Deprecated.! Please instantiate Memory Manager with this pointer (sc_module pointer).

Warning: (W570) attempt to use an empty process handle ignored: dont_initialize()
In file: sc_process_handle.h:290
CRITICAL_WARNING::[ XTLM::751 ] Deprecated.! Please instantiate Memory Manager with this pointer (sc_module pointer).

Info: (I804) /IEEE_Std_1666/deprecated: sc_sensitive_pos is deprecated use sc_sensitive << with pos() instead

Info: (I804) /IEEE_Std_1666/deprecated: sc_object::get_parent() is deprecated, use get_parent_object() instead
INFO: [Wavedata 42-565] Reading protoinst file protoinst_files/bd_f615.protoinst
WARNING: [Wavedata 42-558] Couldn't load one or more protocol instances from protoinst file protoinst_files/bd_f615.protoinst for the following reason(s):
There are no instances of module "bd_f615" in the design.

INFO: [Wavedata 42-565] Reading protoinst file protoinst_files/bd_4bfa.protoinst
WARNING: [Wavedata 42-558] Couldn't load one or more protocol instances from protoinst file protoinst_files/bd_4bfa.protoinst for the following reason(s):
There are no instances of module "bd_4bfa" in the design.

INFO: [Wavedata 42-565] Reading protoinst file protoinst_files/bd_2b97.protoinst
WARNING: [Wavedata 42-558] Couldn't load one or more protocol instances from protoinst file protoinst_files/bd_2b97.protoinst for the following reason(s):
There are no instances of module "bd_2b97" in the design.

INFO: [Wavedata 42-565] Reading protoinst file protoinst_files/bd_4688.protoinst
WARNING: [Wavedata 42-558] Couldn't load one or more protocol instances from protoinst file protoinst_files/bd_4688.protoinst for the following reason(s):
There are no instances of module "bd_4688" in the design.

INFO: [Wavedata 42-565] Reading protoinst file protoinst_files/bd_86d9.protoinst
WARNING: [Wavedata 42-558] Couldn't load one or more protocol instances from protoinst file protoinst_files/bd_86d9.protoinst for the following reason(s):
There are no instances of module "bd_86d9" in the design.

INFO: [Wavedata 42-565] Reading protoinst file protoinst_files/bd_8629.protoinst
WARNING: [Wavedata 42-558] Couldn't load one or more protocol instances from protoinst file protoinst_files/bd_8629.protoinst for the following reason(s):
There are no instances of module "bd_8629" in the design.

INFO: [Wavedata 42-565] Reading protoinst file protoinst_files/bd_4678.protoinst
WARNING: [Wavedata 42-558] Couldn't load one or more protocol instances from protoinst file protoinst_files/bd_4678.protoinst for the following reason(s):
There are no instances of module "bd_4678" in the design.

INFO: [Wavedata 42-565] Reading protoinst file protoinst_files/bd_d216.protoinst
INFO: [Wavedata 42-564]   Found protocol instance at /pfm_top_wrapper/pfm_top_i/pfm_dynamic_inst/memory_subsystem/inst//interconnect/M00_AXI
INFO: [Wavedata 42-564]   Found protocol instance at /pfm_top_wrapper/pfm_top_i/pfm_dynamic_inst/memory_subsystem/inst//interconnect/M00_AXI1
INFO: [Wavedata 42-564]   Found protocol instance at /pfm_top_wrapper/pfm_top_i/pfm_dynamic_inst/memory_subsystem/inst//interconnect/M00_AXI2
INFO: [Wavedata 42-564]   Found protocol instance at /pfm_top_wrapper/pfm_top_i/pfm_dynamic_inst/memory_subsystem/inst//interconnect/M00_AXI3
INFO: [Wavedata 42-564]   Found protocol instance at /pfm_top_wrapper/pfm_top_i/pfm_dynamic_inst/memory_subsystem/inst//interconnect/M00_AXI4
INFO: [Wavedata 42-564]   Found protocol instance at /pfm_top_wrapper/pfm_top_i/pfm_dynamic_inst/memory_subsystem/inst//interconnect/S00_AXI
INFO: [Wavedata 42-564]   Found protocol instance at /pfm_top_wrapper/pfm_top_i/pfm_dynamic_inst/memory_subsystem/inst//interconnect/interconnect_m00_axi_mem00/M00_AXI
INFO: [Wavedata 42-564]   Found protocol instance at /pfm_top_wrapper/pfm_top_i/pfm_dynamic_inst/memory_subsystem/inst//interconnect/interconnect_m00_axi_mem00/S00_AXI
INFO: [Wavedata 42-564]   Found protocol instance at /pfm_top_wrapper/pfm_top_i/pfm_dynamic_inst/memory_subsystem/inst//interconnect/interconnect_plram_mem00/M00_AXI
INFO: [Wavedata 42-564]   Found protocol instance at /pfm_top_wrapper/pfm_top_i/pfm_dynamic_inst/memory_subsystem/inst//interconnect/interconnect_plram_mem00/S00_AXI
INFO: [Wavedata 42-564]   Found protocol instance at /pfm_top_wrapper/pfm_top_i/pfm_dynamic_inst/memory_subsystem/inst//interconnect/interconnect_plram_mem01/M00_AXI
INFO: [Wavedata 42-564]   Found protocol instance at /pfm_top_wrapper/pfm_top_i/pfm_dynamic_inst/memory_subsystem/inst//interconnect/interconnect_plram_mem01/S00_AXI
INFO: [Wavedata 42-564]   Found protocol instance at /pfm_top_wrapper/pfm_top_i/pfm_dynamic_inst/memory_subsystem/inst//interconnect/interconnect_plram_mem02/M00_AXI
INFO: [Wavedata 42-564]   Found protocol instance at /pfm_top_wrapper/pfm_top_i/pfm_dynamic_inst/memory_subsystem/inst//interconnect/interconnect_plram_mem02/S00_AXI
INFO: [Wavedata 42-564]   Found protocol instance at /pfm_top_wrapper/pfm_top_i/pfm_dynamic_inst/memory_subsystem/inst//interconnect/interconnect_plram_mem03/M00_AXI
INFO: [Wavedata 42-564]   Found protocol instance at /pfm_top_wrapper/pfm_top_i/pfm_dynamic_inst/memory_subsystem/inst//interconnect/interconnect_plram_mem03/S00_AXI
INFO: [Wavedata 42-564]   Found protocol instance at /pfm_top_wrapper/pfm_top_i/pfm_dynamic_inst/memory_subsystem/inst//interconnect/interconnect_s00_axi/M00_AXI
INFO: [Wavedata 42-564]   Found protocol instance at /pfm_top_wrapper/pfm_top_i/pfm_dynamic_inst/memory_subsystem/inst//interconnect/interconnect_s00_axi/M01_AXI
INFO: [Wavedata 42-564]   Found protocol instance at /pfm_top_wrapper/pfm_top_i/pfm_dynamic_inst/memory_subsystem/inst//interconnect/interconnect_s00_axi/M02_AXI
INFO: [Wavedata 42-564]   Found protocol instance at /pfm_top_wrapper/pfm_top_i/pfm_dynamic_inst/memory_subsystem/inst//interconnect/interconnect_s00_axi/M03_AXI
INFO: [Wavedata 42-564]   Found protocol instance at /pfm_top_wrapper/pfm_top_i/pfm_dynamic_inst/memory_subsystem/inst//interconnect/interconnect_s00_axi/M04_AXI
INFO: [Wavedata 42-564]   Found protocol instance at /pfm_top_wrapper/pfm_top_i/pfm_dynamic_inst/memory_subsystem/inst//interconnect/interconnect_s00_axi/S00_AXI
INFO: [Wavedata 42-564]   Found protocol instance at /pfm_top_wrapper/pfm_top_i/pfm_dynamic_inst/memory_subsystem/inst//interconnect/rs_m00_axi/M_AXI
INFO: [Wavedata 42-564]   Found protocol instance at /pfm_top_wrapper/pfm_top_i/pfm_dynamic_inst/memory_subsystem/inst//interconnect/rs_m00_axi/S_AXI
INFO: [Wavedata 42-564]   Found protocol instance at /pfm_top_wrapper/pfm_top_i/pfm_dynamic_inst/memory_subsystem/inst//memory/S_AXI
INFO: [Wavedata 42-564]   Found protocol instance at /pfm_top_wrapper/pfm_top_i/pfm_dynamic_inst/memory_subsystem/inst//memory/S_AXI1
INFO: [Wavedata 42-564]   Found protocol instance at /pfm_top_wrapper/pfm_top_i/pfm_dynamic_inst/memory_subsystem/inst//memory/S_AXI2
INFO: [Wavedata 42-564]   Found protocol instance at /pfm_top_wrapper/pfm_top_i/pfm_dynamic_inst/memory_subsystem/inst//memory/S_AXI3
INFO: [Wavedata 42-564]   Found protocol instance at /pfm_top_wrapper/pfm_top_i/pfm_dynamic_inst/memory_subsystem/inst//memory/plram_mem00/S_AXI
INFO: [Wavedata 42-564]   Found protocol instance at /pfm_top_wrapper/pfm_top_i/pfm_dynamic_inst/memory_subsystem/inst//memory/plram_mem01/S_AXI
INFO: [Wavedata 42-564]   Found protocol instance at /pfm_top_wrapper/pfm_top_i/pfm_dynamic_inst/memory_subsystem/inst//memory/plram_mem02/S_AXI
INFO: [Wavedata 42-564]   Found protocol instance at /pfm_top_wrapper/pfm_top_i/pfm_dynamic_inst/memory_subsystem/inst//memory/plram_mem03/S_AXI
INFO: [Wavedata 42-565] Reading protoinst file protoinst_files/bd_763a.protoinst
WARNING: [Wavedata 42-558] Couldn't load one or more protocol instances from protoinst file protoinst_files/bd_763a.protoinst for the following reason(s):
There are no instances of module "bd_763a" in the design.

INFO: [Wavedata 42-565] Reading protoinst file protoinst_files/bd_b62f.protoinst
WARNING: [Wavedata 42-558] Couldn't load one or more protocol instances from protoinst file protoinst_files/bd_b62f.protoinst for the following reason(s):
There are no instances of module "bd_b62f" in the design.

INFO: [Wavedata 42-565] Reading protoinst file protoinst_files/bd_76e2.protoinst
WARNING: [Wavedata 42-558] Couldn't load one or more protocol instances from protoinst file protoinst_files/bd_76e2.protoinst for the following reason(s):
There are no instances of module "bd_76e2" in the design.

INFO: [Wavedata 42-565] Reading protoinst file protoinst_files/bd_b6f7.protoinst
WARNING: [Wavedata 42-558] Couldn't load one or more protocol instances from protoinst file protoinst_files/bd_b6f7.protoinst for the following reason(s):
There are no instances of module "bd_b6f7" in the design.

INFO: [Wavedata 42-565] Reading protoinst file protoinst_files/bd_5dca.protoinst
INFO: [Wavedata 42-564]   Found protocol instance at /pfm_top_wrapper/pfm_top_i/pfm_dynamic_inst/hmss_0/inst//axi_apb_bridge_inst/AXI4_LITE
INFO: [Wavedata 42-564]   Found protocol instance at /pfm_top_wrapper/pfm_top_i/pfm_dynamic_inst/hmss_0/inst//hbm_inst/SAXI_00
INFO: [Wavedata 42-564]   Found protocol instance at /pfm_top_wrapper/pfm_top_i/pfm_dynamic_inst/hmss_0/inst//hbm_inst/SAXI_01
INFO: [Wavedata 42-564]   Found protocol instance at /pfm_top_wrapper/pfm_top_i/pfm_dynamic_inst/hmss_0/inst//hbm_inst/SAXI_02
INFO: [Wavedata 42-564]   Found protocol instance at /pfm_top_wrapper/pfm_top_i/pfm_dynamic_inst/hmss_0/inst//hbm_inst/SAXI_03
INFO: [Wavedata 42-564]   Found protocol instance at /pfm_top_wrapper/pfm_top_i/pfm_dynamic_inst/hmss_0/inst//path_0/M_AXI
INFO: [Wavedata 42-564]   Found protocol instance at /pfm_top_wrapper/pfm_top_i/pfm_dynamic_inst/hmss_0/inst//path_0/S01_AXI
INFO: [Wavedata 42-564]   Found protocol instance at /pfm_top_wrapper/pfm_top_i/pfm_dynamic_inst/hmss_0/inst//path_0/interconnect1_0/M00_AXI
INFO: [Wavedata 42-564]   Found protocol instance at /pfm_top_wrapper/pfm_top_i/pfm_dynamic_inst/hmss_0/inst//path_0/interconnect1_0/S00_AXI
INFO: [Wavedata 42-564]   Found protocol instance at /pfm_top_wrapper/pfm_top_i/pfm_dynamic_inst/hmss_0/inst//path_0/slice1_0/M_AXI
INFO: [Wavedata 42-564]   Found protocol instance at /pfm_top_wrapper/pfm_top_i/pfm_dynamic_inst/hmss_0/inst//path_0/slice1_0/S_AXI
INFO: [Wavedata 42-564]   Found protocol instance at /pfm_top_wrapper/pfm_top_i/pfm_dynamic_inst/hmss_0/inst//path_1/M_AXI
INFO: [Wavedata 42-564]   Found protocol instance at /pfm_top_wrapper/pfm_top_i/pfm_dynamic_inst/hmss_0/inst//path_1/S02_AXI
INFO: [Wavedata 42-564]   Found protocol instance at /pfm_top_wrapper/pfm_top_i/pfm_dynamic_inst/hmss_0/inst//path_1/interconnect2_1/M00_AXI
INFO: [Wavedata 42-564]   Found protocol instance at /pfm_top_wrapper/pfm_top_i/pfm_dynamic_inst/hmss_0/inst//path_1/interconnect2_1/S00_AXI
INFO: [Wavedata 42-564]   Found protocol instance at /pfm_top_wrapper/pfm_top_i/pfm_dynamic_inst/hmss_0/inst//path_1/slice2_1/M_AXI
INFO: [Wavedata 42-564]   Found protocol instance at /pfm_top_wrapper/pfm_top_i/pfm_dynamic_inst/hmss_0/inst//path_1/slice2_1/S_AXI
INFO: [Wavedata 42-564]   Found protocol instance at /pfm_top_wrapper/pfm_top_i/pfm_dynamic_inst/hmss_0/inst//path_2/M_AXI
INFO: [Wavedata 42-564]   Found protocol instance at /pfm_top_wrapper/pfm_top_i/pfm_dynamic_inst/hmss_0/inst//path_2/S03_AXI
INFO: [Wavedata 42-564]   Found protocol instance at /pfm_top_wrapper/pfm_top_i/pfm_dynamic_inst/hmss_0/inst//path_2/interconnect3_2/M00_AXI
INFO: [Wavedata 42-564]   Found protocol instance at /pfm_top_wrapper/pfm_top_i/pfm_dynamic_inst/hmss_0/inst//path_2/interconnect3_2/S00_AXI
INFO: [Wavedata 42-564]   Found protocol instance at /pfm_top_wrapper/pfm_top_i/pfm_dynamic_inst/hmss_0/inst//path_2/slice3_2/M_AXI
INFO: [Wavedata 42-564]   Found protocol instance at /pfm_top_wrapper/pfm_top_i/pfm_dynamic_inst/hmss_0/inst//path_2/slice3_2/S_AXI
INFO: [Wavedata 42-564]   Found protocol instance at /pfm_top_wrapper/pfm_top_i/pfm_dynamic_inst/hmss_0/inst//path_3/M_AXI
INFO: [Wavedata 42-564]   Found protocol instance at /pfm_top_wrapper/pfm_top_i/pfm_dynamic_inst/hmss_0/inst//path_3/S00_AXI
INFO: [Wavedata 42-564]   Found protocol instance at /pfm_top_wrapper/pfm_top_i/pfm_dynamic_inst/hmss_0/inst//path_3/interconnect0_3/M00_AXI
INFO: [Wavedata 42-564]   Found protocol instance at /pfm_top_wrapper/pfm_top_i/pfm_dynamic_inst/hmss_0/inst//path_3/interconnect0_3/S00_AXI
INFO: [Wavedata 42-564]   Found protocol instance at /pfm_top_wrapper/pfm_top_i/pfm_dynamic_inst/hmss_0/inst//path_3/slice0_3/M_AXI
INFO: [Wavedata 42-564]   Found protocol instance at /pfm_top_wrapper/pfm_top_i/pfm_dynamic_inst/hmss_0/inst//path_3/slice0_3/S_AXI
INFO: [Wavedata 42-564]   Found protocol instance at /pfm_top_wrapper/pfm_top_i/pfm_dynamic_inst/hmss_0/inst//vip_S00/M_AXI
INFO: [Wavedata 42-564]   Found protocol instance at /pfm_top_wrapper/pfm_top_i/pfm_dynamic_inst/hmss_0/inst//vip_S00/S_AXI
INFO: [Wavedata 42-564]   Found protocol instance at /pfm_top_wrapper/pfm_top_i/pfm_dynamic_inst/hmss_0/inst//vip_S01/M_AXI
INFO: [Wavedata 42-564]   Found protocol instance at /pfm_top_wrapper/pfm_top_i/pfm_dynamic_inst/hmss_0/inst//vip_S01/S_AXI
INFO: [Wavedata 42-564]   Found protocol instance at /pfm_top_wrapper/pfm_top_i/pfm_dynamic_inst/hmss_0/inst//vip_S02/M_AXI
INFO: [Wavedata 42-564]   Found protocol instance at /pfm_top_wrapper/pfm_top_i/pfm_dynamic_inst/hmss_0/inst//vip_S02/S_AXI
INFO: [Wavedata 42-564]   Found protocol instance at /pfm_top_wrapper/pfm_top_i/pfm_dynamic_inst/hmss_0/inst//vip_S03/M_AXI
INFO: [Wavedata 42-564]   Found protocol instance at /pfm_top_wrapper/pfm_top_i/pfm_dynamic_inst/hmss_0/inst//vip_S03/S_AXI
INFO: [Wavedata 42-565] Reading protoinst file protoinst_files/pfm_dynamic.protoinst
INFO: [Wavedata 42-564]   Found protocol instance at /pfm_top_wrapper/pfm_top_i/pfm_dynamic_inst//System_DPA/S00_AXI
INFO: [Wavedata 42-564]   Found protocol instance at /pfm_top_wrapper/pfm_top_i/pfm_dynamic_inst//System_DPA/S_AXIMM
INFO: [Wavedata 42-564]   Found protocol instance at /pfm_top_wrapper/pfm_top_i/pfm_dynamic_inst//System_DPA/dpa_ctrl_interconnect/M00_AXI
INFO: [Wavedata 42-564]   Found protocol instance at /pfm_top_wrapper/pfm_top_i/pfm_dynamic_inst//System_DPA/dpa_ctrl_interconnect/M01_AXI
INFO: [Wavedata 42-564]   Found protocol instance at /pfm_top_wrapper/pfm_top_i/pfm_dynamic_inst//System_DPA/dpa_ctrl_interconnect/M02_AXI
INFO: [Wavedata 42-564]   Found protocol instance at /pfm_top_wrapper/pfm_top_i/pfm_dynamic_inst//System_DPA/dpa_ctrl_interconnect/M03_AXI
INFO: [Wavedata 42-564]   Found protocol instance at /pfm_top_wrapper/pfm_top_i/pfm_dynamic_inst//System_DPA/dpa_ctrl_interconnect/M04_AXI
INFO: [Wavedata 42-564]   Found protocol instance at /pfm_top_wrapper/pfm_top_i/pfm_dynamic_inst//System_DPA/dpa_ctrl_interconnect/S00_AXI
INFO: [Wavedata 42-564]   Found protocol instance at /pfm_top_wrapper/pfm_top_i/pfm_dynamic_inst//System_DPA/dpa_ctrl_interconnect/m00_couplers/M_AXI
INFO: [Wavedata 42-564]   Found protocol instance at /pfm_top_wrapper/pfm_top_i/pfm_dynamic_inst//System_DPA/dpa_ctrl_interconnect/m00_couplers/S_AXI
INFO: [Wavedata 42-564]   Found protocol instance at /pfm_top_wrapper/pfm_top_i/pfm_dynamic_inst//System_DPA/dpa_ctrl_interconnect/m00_couplers/auto_cc/M_AXI
INFO: [Wavedata 42-564]   Found protocol instance at /pfm_top_wrapper/pfm_top_i/pfm_dynamic_inst//System_DPA/dpa_ctrl_interconnect/m00_couplers/auto_cc/S_AXI
INFO: [Wavedata 42-564]   Found protocol instance at /pfm_top_wrapper/pfm_top_i/pfm_dynamic_inst//System_DPA/dpa_ctrl_interconnect/m00_couplers/m00_regslice/M_AXI
INFO: [Wavedata 42-564]   Found protocol instance at /pfm_top_wrapper/pfm_top_i/pfm_dynamic_inst//System_DPA/dpa_ctrl_interconnect/m00_couplers/m00_regslice/S_AXI
INFO: [Wavedata 42-564]   Found protocol instance at /pfm_top_wrapper/pfm_top_i/pfm_dynamic_inst//System_DPA/dpa_ctrl_interconnect/m01_couplers/M_AXI
INFO: [Wavedata 42-564]   Found protocol instance at /pfm_top_wrapper/pfm_top_i/pfm_dynamic_inst//System_DPA/dpa_ctrl_interconnect/m01_couplers/S_AXI
INFO: [Wavedata 42-564]   Found protocol instance at /pfm_top_wrapper/pfm_top_i/pfm_dynamic_inst//System_DPA/dpa_ctrl_interconnect/m01_couplers/auto_cc/M_AXI
INFO: [Wavedata 42-564]   Found protocol instance at /pfm_top_wrapper/pfm_top_i/pfm_dynamic_inst//System_DPA/dpa_ctrl_interconnect/m01_couplers/auto_cc/S_AXI
INFO: [Wavedata 42-564]   Found protocol instance at /pfm_top_wrapper/pfm_top_i/pfm_dynamic_inst//System_DPA/dpa_ctrl_interconnect/m01_couplers/m01_regslice/M_AXI
INFO: [Wavedata 42-564]   Found protocol instance at /pfm_top_wrapper/pfm_top_i/pfm_dynamic_inst//System_DPA/dpa_ctrl_interconnect/m01_couplers/m01_regslice/S_AXI
INFO: [Wavedata 42-564]   Found protocol instance at /pfm_top_wrapper/pfm_top_i/pfm_dynamic_inst//System_DPA/dpa_ctrl_interconnect/m02_couplers/M_AXI
INFO: [Wavedata 42-564]   Found protocol instance at /pfm_top_wrapper/pfm_top_i/pfm_dynamic_inst//System_DPA/dpa_ctrl_interconnect/m02_couplers/S_AXI
INFO: [Wavedata 42-564]   Found protocol instance at /pfm_top_wrapper/pfm_top_i/pfm_dynamic_inst//System_DPA/dpa_ctrl_interconnect/m02_couplers/auto_cc/M_AXI
INFO: [Wavedata 42-564]   Found protocol instance at /pfm_top_wrapper/pfm_top_i/pfm_dynamic_inst//System_DPA/dpa_ctrl_interconnect/m02_couplers/auto_cc/S_AXI
INFO: [Wavedata 42-564]   Found protocol instance at /pfm_top_wrapper/pfm_top_i/pfm_dynamic_inst//System_DPA/dpa_ctrl_interconnect/m02_couplers/m02_regslice/M_AXI
INFO: [Wavedata 42-564]   Found protocol instance at /pfm_top_wrapper/pfm_top_i/pfm_dynamic_inst//System_DPA/dpa_ctrl_interconnect/m02_couplers/m02_regslice/S_AXI
INFO: [Wavedata 42-564]   Found protocol instance at /pfm_top_wrapper/pfm_top_i/pfm_dynamic_inst//System_DPA/dpa_ctrl_interconnect/m03_couplers/M_AXI
INFO: [Wavedata 42-564]   Found protocol instance at /pfm_top_wrapper/pfm_top_i/pfm_dynamic_inst//System_DPA/dpa_ctrl_interconnect/m03_couplers/S_AXI
INFO: [Wavedata 42-564]   Found protocol instance at /pfm_top_wrapper/pfm_top_i/pfm_dynamic_inst//System_DPA/dpa_ctrl_interconnect/m03_couplers/auto_cc/M_AXI
INFO: [Wavedata 42-564]   Found protocol instance at /pfm_top_wrapper/pfm_top_i/pfm_dynamic_inst//System_DPA/dpa_ctrl_interconnect/m03_couplers/auto_cc/S_AXI
INFO: [Wavedata 42-564]   Found protocol instance at /pfm_top_wrapper/pfm_top_i/pfm_dynamic_inst//System_DPA/dpa_ctrl_interconnect/m03_couplers/m03_regslice/M_AXI
INFO: [Common 17-14] Message 'Wavedata 42-564' appears 100 times and further instances of the messages will be disabled. Use the Tcl command set_msg_config to change the current settings.
INFO: [Wavedata 42-565] Reading protoinst file protoinst_files/bd_387c.protoinst
WARNING: [Wavedata 42-558] Couldn't load one or more protocol instances from protoinst file protoinst_files/bd_387c.protoinst for the following reason(s):
There are no instances of module "bd_387c" in the design.

INFO: [Wavedata 42-565] Reading protoinst file protoinst_files/pfm_top.protoinst
INFO: [Wavedata 42-565] Reading protoinst file ./dr_behav.protoinst
Time resolution is 1 ps
source pfm_top_wrapper.tcl
## set curr_wave [current_wave_config]
## if { [string length $curr_wave] == 0 } {
##   if { [llength [get_objects]] > 0} {
##     add_wave /
##     set_property needs_save false [current_wave_config]
##   } else {
##      send_msg_id Add_Wave-1 WARNING "No top level signals found. Simulator will start without a wave window. If you want to open a wave window go to 'File->New Waveform Configuration' or type 'create_wave_config' in the TCL console."
##   }
## }
WARNING: [Simtcl 6-168] No object found for the given pattern.
WARNING: [Add_Wave-1] No top level signals found. Simulator will start without a wave window. If you want to open a wave window go to 'File->New Waveform Configuration' or type 'create_wave_config' in the TCL console.
## if { [file exists vitis_params.tcl] } {
##   source vitis_params.tcl
## }
## if { [info exists ::env(USER_PRE_SIM_SCRIPT)] } {
##   if { [catch {source $::env(USER_PRE_SIM_SCRIPT)} msg] } {
##     puts $msg
##   }
## }
## if { [info exists ::env(VITIS_WAVEFORM)] } {
##   if { [file exists $::env(VITIS_WAVEFORM)] == 1} {
##     open_wave_config $::env(VITIS_WAVEFORM)
##   }
## }
## if { [file exists pre_sim_tool_scripts.tcl] } {
##   source pre_sim_tool_scripts.tcl
## }
### if { [file exists preprocess_profile.tcl] } {
###   if { [catch {source -notrace preprocess_profile.tcl} msg] } {
###     puts $msg 
###   }
### }
### if { [info exists ::env(XILINX_SC_HW_EMU)] } {
###   source $::env(XILINX_VITIS)/system_compiler/examples/sc_hw_emu_pre_xsim.tcl
### }
## puts "We are running simulator for infinite time. Added some default signals in the waveform. You can pause simulation and add signals and then resume the simulaion again."
We are running simulator for infinite time. Added some default signals in the waveform. You can pause simulation and add signals and then resume the simulaion again.
## puts ""

## puts "Stopping at breakpoint in simulator also stops the host code execution"
Stopping at breakpoint in simulator also stops the host code execution
## puts ""

## if { [info exists ::env(VITIS_LAUNCH_WAVEFORM_GUI) ] } {
##   run 1ns
## } else {
##   run all
## }
Block Memory Generator module pfm_top_wrapper.pfm_top_i.pfm_dynamic_inst.memory_subsystem.inst.memory.plram_mem00_bram.inst.\native_mem_mapped_module.blk_mem_gen_v8_4_5_inst  is using a behavioral model for simulation which will not precisely model memory collision behavior.
Block Memory Generator module pfm_top_wrapper.pfm_top_i.pfm_dynamic_inst.memory_subsystem.inst.memory.plram_mem01_bram.inst.\native_mem_mapped_module.blk_mem_gen_v8_4_5_inst  is using a behavioral model for simulation which will not precisely model memory collision behavior.
Block Memory Generator module pfm_top_wrapper.pfm_top_i.pfm_dynamic_inst.memory_subsystem.inst.memory.plram_mem02_bram.inst.\native_mem_mapped_module.blk_mem_gen_v8_4_5_inst  is using a behavioral model for simulation which will not precisely model memory collision behavior.
Block Memory Generator module pfm_top_wrapper.pfm_top_i.pfm_dynamic_inst.memory_subsystem.inst.memory.plram_mem03_bram.inst.\native_mem_mapped_module.blk_mem_gen_v8_4_5_inst  is using a behavioral model for simulation which will not precisely model memory collision behavior.
Info: [XPM_MEMORY 20-1] MEMORY_PRIMITIVE (0) instructs Vivado Synthesis to choose the memory primitive type. Depending on their values, other XPM_MEMORY parameters may preclude the choice of certain memory primitive types. Review XPM_MEMORY documentation and parameter values to understand any limitations, or set MEMORY_PRIMITIVE to a different value. pfm_top_wrapper.pfm_top_i.pfm_dynamic_inst.rtl_kernel_wizard_0_1.inst.inst_example.inst_example_vadd_m00_axi.inst_axi_read_master.\gen_fifo.inst_rd_xpm_fifo_sync .xpm_fifo_base_inst.\gen_sdpram.xpm_memory_base_inst .config_drc
Time: 1 ps  Iteration: 0  Process: /pfm_top_wrapper/pfm_top_i/pfm_dynamic_inst/rtl_kernel_wizard_0_1/inst/inst_example/inst_example_vadd_m00_axi/inst_axi_read_master/gen_fifo.inst_rd_xpm_fifo_sync/xpm_fifo_base_inst/gen_sdpram.xpm_memory_base_inst/Initial299_636  Scope: pfm_top_wrapper.pfm_top_i.pfm_dynamic_inst.rtl_kernel_wizard_0_1.inst.inst_example.inst_example_vadd_m00_axi.inst_axi_read_master.\gen_fifo.inst_rd_xpm_fifo_sync .xpm_fifo_base_inst.\gen_sdpram.xpm_memory_base_inst .config_drc  File: /opt/Xilinx/Vivado/2022.1/data/ip/xpm/xpm_memory/hdl/xpm_memory.sv Line: 493
-> v30 setup
slot_size=0x1000
num_slots=16
num_slot_masks=1
num_cus=3
num_cu_masks=1
cu_offset=16
cu_base_address=0x0
cq_int_enabled=0
mb_host_int_enabled=0
dataflow_enabled=0
kds_30=0
dmsg=0
echo=0
polling=1
cu interrupt mask : cannot convert
<- setup
-->configure_mb
configure cmd found in slot(0)
features=0x0041
cu(0) addr(0x1c070000) handshake(0x0) encodedaddr(0x1c070000)
cu(1) addr(0x1c060000) handshake(0x1) encodedaddr(0x1c060001)
-> v30 setup
slot_size=0x200
num_slots=128
num_slot_masks=4
num_cus=2
num_cu_masks=1
cu_offset=16
cu_base_address=0x1c060000
cq_int_enabled=0
mb_host_int_enabled=1
dataflow_enabled=1
kds_30=0
dmsg=0
echo=0
polling=1
cu interrupt mask : cannot convert
<- setup
slot(0) [running -> free]
<--configure_mb

Warning: (W505) object already exists: .pfm_top_wrapper.pfm_top_i.static_region.sim_qdma_0.inst.simulate_single_cycle.region_0x4000_0x7fff. Latter declaration will be renamed to .pfm_top_wrapper.pfm_top_i.static_region.sim_qdma_0.inst.simulate_single_cycle.region_0x4000_0x7fff_0
In file: sc_object_manager.cpp:161
In process: .pfm_top_wrapper.pfm_top_i.static_region.sim_qdma_0.inst.simulate_single_cycle @ 172866045 ps
$stop called at time : 259720268 ps
run: Time (s): cpu = 00:00:04 ; elapsed = 00:00:15 . Memory (MB): peak = 4323.707 ; gain = 0.000 ; free physical = 26024 ; free virtual = 77339
## if { [file exists post_sim_tool_scripts.tcl] } {
##   source post_sim_tool_scripts.tcl
## }
### if { [file exists profile.tcl] } {
###   if { [catch {source -notrace profile.tcl } msg] } {
###     puts $msg
###   }
### }
Waiting for protocol analyzers to complete...
Done!
### if { [info exists ::env(XILINX_SC_HW_EMU)] } {
###   source $::env(XILINX_VITIS)/system_compiler/examples/sc_hw_emu_post_xsim.tcl
### }
## if { [info exists ::env(VITIS_LAUNCH_WAVEFORM_BATCH) ] } {
##   if { [info exists ::env(USER_POST_SIM_SCRIPT) ] } {
##     if { [catch {source $::env(USER_POST_SIM_SCRIPT)} msg] } {
##       puts $msg
##     }
##   }
##   quit
## }
INFO: xsimkernel Simulation Memory Usage: 311816 KB (Peak: 311816 KB), Simulation CPU Usage: 15570 ms
INFO: [Common 17-206] Exiting xsim at Thu Oct 13 18:52:18 2022...
