INFO: [VRFC 10-2263] Analyzing Verilog file "/mnt/HLSNAS/01.XkQjFq/Vitis-Tutorials/Hardware_Acceleration/Feature_Tutorials/02-mixing-c-rtl-kernels/reference-files2/_x/link/vivado/vpl/prj/prj.ip_user_files/bd/pfm_dynamic/ip/pfm_dynamic_pfm_clk_2_0/sim/pfm_dynamic_pfm_clk_2_0.v" into library xil_defaultlib
INFO: [VRFC 10-311] analyzing module pfm_dynamic_pfm_clk_2_0
INFO: [VRFC 10-2263] Analyzing Verilog file "/mnt/HLSNAS/01.XkQjFq/Vitis-Tutorials/Hardware_Acceleration/Feature_Tutorials/02-mixing-c-rtl-kernels/reference-files2/_x/link/vivado/vpl/prj/prj.ip_user_files/bd/pfm_dynamic/ip/pfm_dynamic_pfm_clk_3_0/sim/pfm_dynamic_pfm_clk_3_0.v" into library xil_defaultlib
INFO: [VRFC 10-311] analyzing module pfm_dynamic_pfm_clk_3_0
INFO: [VRFC 10-2263] Analyzing Verilog file "/mnt/HLSNAS/01.XkQjFq/Vitis-Tutorials/Hardware_Acceleration/Feature_Tutorials/02-mixing-c-rtl-kernels/reference-files2/_x/link/vivado/vpl/prj/prj.ip_user_files/bd/pfm_dynamic/ip/pfm_dynamic_kernel2_clk_0/sim/pfm_dynamic_kernel2_clk_0.v" into library xil_defaultlib
INFO: [VRFC 10-311] analyzing module pfm_dynamic_kernel2_clk_0
INFO: [VRFC 10-2263] Analyzing Verilog file "/mnt/HLSNAS/01.XkQjFq/Vitis-Tutorials/Hardware_Acceleration/Feature_Tutorials/02-mixing-c-rtl-kernels/reference-files2/_x/link/vivado/vpl/prj/prj.ip_user_files/bd/pfm_dynamic/ip/pfm_dynamic_kernel_clk_0/sim/pfm_dynamic_kernel_clk_0.v" into library xil_defaultlib
INFO: [VRFC 10-311] analyzing module pfm_dynamic_kernel_clk_0
INFO: [VRFC 10-2263] Analyzing Verilog file "/mnt/HLSNAS/01.XkQjFq/Vitis-Tutorials/Hardware_Acceleration/Feature_Tutorials/02-mixing-c-rtl-kernels/reference-files2/_x/link/vivado/vpl/prj/prj.ip_user_files/bd/pfm_dynamic/ip/pfm_dynamic_smartconn_data_0_0/bd_0/sim/bd_f615.v" into library xil_defaultlib
INFO: [VRFC 10-311] analyzing module bd_f615
INFO: [VRFC 10-311] analyzing module clk_map_imp_1164T92
INFO: [VRFC 10-311] analyzing module m00_exit_pipeline_imp_YS3DU5
INFO: [VRFC 10-311] analyzing module m00_nodes_imp_CLQD41
INFO: [VRFC 10-311] analyzing module m01_exit_pipeline_imp_TJ8LXP
INFO: [VRFC 10-311] analyzing module m01_nodes_imp_1CXVZX3
INFO: [VRFC 10-311] analyzing module m02_exit_pipeline_imp_N1EYX9
INFO: [VRFC 10-311] analyzing module m02_nodes_imp_1KLSKSS
INFO: [VRFC 10-311] analyzing module s00_entry_pipeline_imp_1YLIFNY
INFO: [VRFC 10-311] analyzing module s00_nodes_imp_1TF7GES
INFO: [VRFC 10-311] analyzing module switchboards_imp_ZL0EYO
INFO: [VRFC 10-2263] Analyzing SystemVerilog file "/mnt/HLSNAS/01.XkQjFq/Vitis-Tutorials/Hardware_Acceleration/Feature_Tutorials/02-mixing-c-rtl-kernels/reference-files2/_x/link/vivado/vpl/prj/prj.ip_user_files/bd/pfm_dynamic/ip/pfm_dynamic_smartconn_data_0_0/sim/pfm_dynamic_smartconn_data_0_0_stub.sv" into library xil_defaultlib
INFO: [VRFC 10-311] analyzing module pfm_dynamic_smartconn_data_0_0
INFO: [VRFC 10-2263] Analyzing Verilog file "/mnt/HLSNAS/01.XkQjFq/Vitis-Tutorials/Hardware_Acceleration/Feature_Tutorials/02-mixing-c-rtl-kernels/reference-files2/_x/link/vivado/vpl/prj/prj.ip_user_files/bd/pfm_dynamic/ip/pfm_dynamic_xlconcat_interrupt_0/sim/pfm_dynamic_xlconcat_interrupt_0.v" into library xil_defaultlib
INFO: [VRFC 10-311] analyzing module pfm_dynamic_xlconcat_interrupt_0
INFO: [VRFC 10-2263] Analyzing Verilog file "/mnt/HLSNAS/01.XkQjFq/Vitis-Tutorials/Hardware_Acceleration/Feature_Tutorials/02-mixing-c-rtl-kernels/reference-files2/_x/link/vivado/vpl/prj/prj.ip_user_files/bd/pfm_dynamic/ip/pfm_dynamic_xlconcat_interrupt_0_0/sim/pfm_dynamic_xlconcat_interrupt_0_0.v" into library xil_defaultlib
INFO: [VRFC 10-311] analyzing module pfm_dynamic_xlconcat_interrupt_0_0
INFO: [VRFC 10-2263] Analyzing Verilog file "/mnt/HLSNAS/01.XkQjFq/Vitis-Tutorials/Hardware_Acceleration/Feature_Tutorials/02-mixing-c-rtl-kernels/reference-files2/_x/link/vivado/vpl/prj/prj.ip_user_files/bd/pfm_dynamic/ip/pfm_dynamic_xlconcat_interrupt_1_0/sim/pfm_dynamic_xlconcat_interrupt_1_0.v" into library xil_defaultlib
INFO: [VRFC 10-311] analyzing module pfm_dynamic_xlconcat_interrupt_1_0
INFO: [VRFC 10-2263] Analyzing Verilog file "/mnt/HLSNAS/01.XkQjFq/Vitis-Tutorials/Hardware_Acceleration/Feature_Tutorials/02-mixing-c-rtl-kernels/reference-files2/_x/link/vivado/vpl/prj/prj.ip_user_files/bd/pfm_dynamic/ip/pfm_dynamic_xlconcat_interrupt_2_0/sim/pfm_dynamic_xlconcat_interrupt_2_0.v" into library xil_defaultlib
INFO: [VRFC 10-311] analyzing module pfm_dynamic_xlconcat_interrupt_2_0
INFO: [VRFC 10-2263] Analyzing Verilog file "/mnt/HLSNAS/01.XkQjFq/Vitis-Tutorials/Hardware_Acceleration/Feature_Tutorials/02-mixing-c-rtl-kernels/reference-files2/_x/link/vivado/vpl/prj/prj.ip_user_files/bd/pfm_dynamic/ip/pfm_dynamic_xlconcat_interrupt_3_0/sim/pfm_dynamic_xlconcat_interrupt_3_0.v" into library xil_defaultlib
INFO: [VRFC 10-311] analyzing module pfm_dynamic_xlconcat_interrupt_3_0
INFO: [VRFC 10-2263] Analyzing Verilog file "/mnt/HLSNAS/01.XkQjFq/Vitis-Tutorials/Hardware_Acceleration/Feature_Tutorials/02-mixing-c-rtl-kernels/reference-files2/_x/link/vivado/vpl/prj/prj.ip_user_files/bd/pfm_dynamic/ip/pfm_dynamic_memory_subsystem_0/bd_1/sim/bd_4bfa.v" into library xil_defaultlib
INFO: [VRFC 10-311] analyzing module bd_4bfa
INFO: [VRFC 10-311] analyzing module clk_map_imp_6B33N1
INFO: [VRFC 10-311] analyzing module m00_exit_pipeline_imp_1U24MBA
INFO: [VRFC 10-311] analyzing module m00_nodes_imp_1GR67KQ
INFO: [VRFC 10-311] analyzing module m01_exit_pipeline_imp_1X5K6K6
INFO: [VRFC 10-311] analyzing module m01_nodes_imp_9REVU4
INFO: [VRFC 10-311] analyzing module m02_exit_pipeline_imp_1HCHPBQ
INFO: [VRFC 10-311] analyzing module m02_nodes_imp_QG10TZ
INFO: [VRFC 10-311] analyzing module m03_exit_pipeline_imp_1NRT3NA
INFO: [VRFC 10-311] analyzing module m03_nodes_imp_1HWBXMP
INFO: [VRFC 10-311] analyzing module m04_exit_pipeline_imp_1DL2BQU
INFO: [VRFC 10-311] analyzing module m04_nodes_imp_1AHMKE9
INFO: [VRFC 10-311] analyzing module s00_entry_pipeline_imp_UB5PMD
INFO: [VRFC 10-311] analyzing module s00_nodes_imp_XFTDYN
INFO: [VRFC 10-311] analyzing module switchboards_imp_5EB5RV
INFO: [VRFC 10-2263] Analyzing SystemVerilog file "/mnt/HLSNAS/01.XkQjFq/Vitis-Tutorials/Hardware_Acceleration/Feature_Tutorials/02-mixing-c-rtl-kernels/reference-files2/_x/link/vivado/vpl/prj/prj.ip_user_files/bd/pfm_dynamic/ip/pfm_dynamic_memory_subsystem_0/bd_0/ip/ip_3/sim/bd_d216_interconnect_S00_AXI_0_stub.sv" into library xil_defaultlib
INFO: [VRFC 10-311] analyzing module bd_d216_interconnect_S00_AXI_0
INFO: [VRFC 10-2263] Analyzing Verilog file "/mnt/HLSNAS/01.XkQjFq/Vitis-Tutorials/Hardware_Acceleration/Feature_Tutorials/02-mixing-c-rtl-kernels/reference-files2/_x/link/vivado/vpl/prj/prj.ip_user_files/bd/pfm_dynamic/ip/pfm_dynamic_memory_subsystem_0/bd_2/sim/bd_2b97.v" into library xil_defaultlib
INFO: [VRFC 10-311] analyzing module bd_2b97
INFO: [VRFC 10-311] analyzing module clk_map_imp_1347TT7
INFO: [VRFC 10-311] analyzing module m00_exit_pipeline_imp_W9Z7G0
INFO: [VRFC 10-311] analyzing module s00_entry_pipeline_imp_1WO4HGZ
INFO: [VRFC 10-311] analyzing module s00_nodes_imp_1QX4D49
INFO: [VRFC 10-2263] Analyzing SystemVerilog file "/mnt/HLSNAS/01.XkQjFq/Vitis-Tutorials/Hardware_Acceleration/Feature_Tutorials/02-mixing-c-rtl-kernels/reference-files2/_x/link/vivado/vpl/prj/prj.ip_user_files/bd/pfm_dynamic/ip/pfm_dynamic_memory_subsystem_0/bd_0/ip/ip_4/sim/bd_d216_interconnect_M00_AXI_MEM00_0_stub.sv" into library xil_defaultlib
INFO: [VRFC 10-311] analyzing module bd_d216_interconnect_M00_AXI_MEM00_0
INFO: [VRFC 10-2263] Analyzing Verilog file "/mnt/HLSNAS/01.XkQjFq/Vitis-Tutorials/Hardware_Acceleration/Feature_Tutorials/02-mixing-c-rtl-kernels/reference-files2/_x/link/vivado/vpl/prj/prj.ip_user_files/bd/pfm_dynamic/ip/pfm_dynamic_memory_subsystem_0/bd_3/sim/bd_4688.v" into library xil_defaultlib
INFO: [VRFC 10-311] analyzing module bd_4688
INFO: [VRFC 10-311] analyzing module clk_map_imp_KY80QZ
INFO: [VRFC 10-311] analyzing module m00_exit_pipeline_imp_1DPT1XS
INFO: [VRFC 10-311] analyzing module s00_entry_pipeline_imp_DBQL1V
INFO: [VRFC 10-311] analyzing module s00_nodes_imp_AH0E89
INFO: [VRFC 10-2263] Analyzing SystemVerilog file "/mnt/HLSNAS/01.XkQjFq/Vitis-Tutorials/Hardware_Acceleration/Feature_Tutorials/02-mixing-c-rtl-kernels/reference-files2/_x/link/vivado/vpl/prj/prj.ip_user_files/bd/pfm_dynamic/ip/pfm_dynamic_memory_subsystem_0/bd_0/ip/ip_5/sim/bd_d216_interconnect_PLRAM_MEM00_0_stub.sv" into library xil_defaultlib
INFO: [VRFC 10-311] analyzing module bd_d216_interconnect_PLRAM_MEM00_0
INFO: [VRFC 10-2263] Analyzing Verilog file "/mnt/HLSNAS/01.XkQjFq/Vitis-Tutorials/Hardware_Acceleration/Feature_Tutorials/02-mixing-c-rtl-kernels/reference-files2/_x/link/vivado/vpl/prj/prj.ip_user_files/bd/pfm_dynamic/ip/pfm_dynamic_memory_subsystem_0/bd_4/sim/bd_86d9.v" into library xil_defaultlib
INFO: [VRFC 10-311] analyzing module bd_86d9
INFO: [VRFC 10-311] analyzing module clk_map_imp_QQLQD9
INFO: [VRFC 10-311] analyzing module m00_exit_pipeline_imp_16FP946
INFO: [VRFC 10-311] analyzing module s00_entry_pipeline_imp_7Q5F1H
INFO: [VRFC 10-311] analyzing module s00_nodes_imp_3ZNYBJ
INFO: [VRFC 10-2263] Analyzing SystemVerilog file "/mnt/HLSNAS/01.XkQjFq/Vitis-Tutorials/Hardware_Acceleration/Feature_Tutorials/02-mixing-c-rtl-kernels/reference-files2/_x/link/vivado/vpl/prj/prj.ip_user_files/bd/pfm_dynamic/ip/pfm_dynamic_memory_subsystem_0/bd_0/ip/ip_6/sim/bd_d216_interconnect_PLRAM_MEM01_0_stub.sv" into library xil_defaultlib
INFO: [VRFC 10-311] analyzing module bd_d216_interconnect_PLRAM_MEM01_0
INFO: [VRFC 10-2263] Analyzing Verilog file "/mnt/HLSNAS/01.XkQjFq/Vitis-Tutorials/Hardware_Acceleration/Feature_Tutorials/02-mixing-c-rtl-kernels/reference-files2/_x/link/vivado/vpl/prj/prj.ip_user_files/bd/pfm_dynamic/ip/pfm_dynamic_memory_subsystem_0/bd_5/sim/bd_8629.v" into library xil_defaultlib
INFO: [VRFC 10-311] analyzing module bd_8629
INFO: [VRFC 10-311] analyzing module clk_map_imp_131W5F3
INFO: [VRFC 10-311] analyzing module m00_exit_pipeline_imp_W7CBEC
INFO: [VRFC 10-311] analyzing module s00_entry_pipeline_imp_1WLG6UV
INFO: [VRFC 10-311] analyzing module s00_nodes_imp_1QUG2I5
INFO: [VRFC 10-2263] Analyzing SystemVerilog file "/mnt/HLSNAS/01.XkQjFq/Vitis-Tutorials/Hardware_Acceleration/Feature_Tutorials/02-mixing-c-rtl-kernels/reference-files2/_x/link/vivado/vpl/prj/prj.ip_user_files/bd/pfm_dynamic/ip/pfm_dynamic_memory_subsystem_0/bd_0/ip/ip_7/sim/bd_d216_interconnect_PLRAM_MEM02_0_stub.sv" into library xil_defaultlib
INFO: [VRFC 10-311] analyzing module bd_d216_interconnect_PLRAM_MEM02_0
INFO: [VRFC 10-2263] Analyzing Verilog file "/mnt/HLSNAS/01.XkQjFq/Vitis-Tutorials/Hardware_Acceleration/Feature_Tutorials/02-mixing-c-rtl-kernels/reference-files2/_x/link/vivado/vpl/prj/prj.ip_user_files/bd/pfm_dynamic/ip/pfm_dynamic_memory_subsystem_0/bd_6/sim/bd_4678.v" into library xil_defaultlib
INFO: [VRFC 10-311] analyzing module bd_4678
INFO: [VRFC 10-311] analyzing module clk_map_imp_1KMPNUS
INFO: [VRFC 10-311] analyzing module m00_exit_pipeline_imp_EMJOIN
INFO: [VRFC 10-311] analyzing module s00_entry_pipeline_imp_1EY5AZG
INFO: [VRFC 10-311] analyzing module s00_nodes_imp_18ZOAFA
INFO: [VRFC 10-2263] Analyzing SystemVerilog file "/mnt/HLSNAS/01.XkQjFq/Vitis-Tutorials/Hardware_Acceleration/Feature_Tutorials/02-mixing-c-rtl-kernels/reference-files2/_x/link/vivado/vpl/prj/prj.ip_user_files/bd/pfm_dynamic/ip/pfm_dynamic_memory_subsystem_0/bd_0/ip/ip_8/sim/bd_d216_interconnect_PLRAM_MEM03_0_stub.sv" into library xil_defaultlib
INFO: [VRFC 10-311] analyzing module bd_d216_interconnect_PLRAM_MEM03_0
INFO: [VRFC 10-2263] Analyzing SystemVerilog file "/mnt/HLSNAS/01.XkQjFq/Vitis-Tutorials/Hardware_Acceleration/Feature_Tutorials/02-mixing-c-rtl-kernels/reference-files2/_x/link/vivado/vpl/prj/prj.ip_user_files/bd/pfm_dynamic/ip/pfm_dynamic_memory_subsystem_0/bd_0/ip/ip_17/sim/bd_d216_rs_M00_AXI_0_stub.sv" into library xil_defaultlib
INFO: [VRFC 10-311] analyzing module bd_d216_rs_M00_AXI_0
INFO: [VRFC 10-2263] Analyzing SystemVerilog file "/mnt/HLSNAS/01.XkQjFq/Vitis-Tutorials/Hardware_Acceleration/Feature_Tutorials/02-mixing-c-rtl-kernels/reference-files2/_x/link/vivado/vpl/prj/prj.ip_user_files/bd/pfm_dynamic/ip/pfm_dynamic_memory_subsystem_0/bd_0/ip/ip_9/sim/bd_d216_plram_mem00_0_stub.sv" into library xil_defaultlib
INFO: [VRFC 10-311] analyzing module bd_d216_plram_mem00_0
INFO: [VRFC 10-2263] Analyzing Verilog file "/mnt/HLSNAS/01.XkQjFq/Vitis-Tutorials/Hardware_Acceleration/Feature_Tutorials/02-mixing-c-rtl-kernels/reference-files2/_x/link/vivado/vpl/prj/prj.ip_user_files/bd/pfm_dynamic/ip/pfm_dynamic_memory_subsystem_0/bd_0/ip/ip_10/sim/bd_d216_plram_mem00_bram_0.v" into library xil_defaultlib
INFO: [VRFC 10-311] analyzing module bd_d216_plram_mem00_bram_0
INFO: [VRFC 10-2263] Analyzing SystemVerilog file "/mnt/HLSNAS/01.XkQjFq/Vitis-Tutorials/Hardware_Acceleration/Feature_Tutorials/02-mixing-c-rtl-kernels/reference-files2/_x/link/vivado/vpl/prj/prj.ip_user_files/bd/pfm_dynamic/ip/pfm_dynamic_memory_subsystem_0/bd_0/ip/ip_11/sim/bd_d216_plram_mem01_0_stub.sv" into library xil_defaultlib
INFO: [VRFC 10-311] analyzing module bd_d216_plram_mem01_0
INFO: [VRFC 10-2263] Analyzing Verilog file "/mnt/HLSNAS/01.XkQjFq/Vitis-Tutorials/Hardware_Acceleration/Feature_Tutorials/02-mixing-c-rtl-kernels/reference-files2/_x/link/vivado/vpl/prj/prj.ip_user_files/bd/pfm_dynamic/ip/pfm_dynamic_memory_subsystem_0/bd_0/ip/ip_12/sim/bd_d216_plram_mem01_bram_0.v" into library xil_defaultlib
INFO: [VRFC 10-311] analyzing module bd_d216_plram_mem01_bram_0
INFO: [VRFC 10-2263] Analyzing SystemVerilog file "/mnt/HLSNAS/01.XkQjFq/Vitis-Tutorials/Hardware_Acceleration/Feature_Tutorials/02-mixing-c-rtl-kernels/reference-files2/_x/link/vivado/vpl/prj/prj.ip_user_files/bd/pfm_dynamic/ip/pfm_dynamic_memory_subsystem_0/bd_0/ip/ip_13/sim/bd_d216_plram_mem02_0_stub.sv" into library xil_defaultlib
INFO: [VRFC 10-311] analyzing module bd_d216_plram_mem02_0
INFO: [VRFC 10-2263] Analyzing Verilog file "/mnt/HLSNAS/01.XkQjFq/Vitis-Tutorials/Hardware_Acceleration/Feature_Tutorials/02-mixing-c-rtl-kernels/reference-files2/_x/link/vivado/vpl/prj/prj.ip_user_files/bd/pfm_dynamic/ip/pfm_dynamic_memory_subsystem_0/bd_0/ip/ip_14/sim/bd_d216_plram_mem02_bram_0.v" into library xil_defaultlib
INFO: [VRFC 10-311] analyzing module bd_d216_plram_mem02_bram_0
INFO: [VRFC 10-2263] Analyzing SystemVerilog file "/mnt/HLSNAS/01.XkQjFq/Vitis-Tutorials/Hardware_Acceleration/Feature_Tutorials/02-mixing-c-rtl-kernels/reference-files2/_x/link/vivado/vpl/prj/prj.ip_user_files/bd/pfm_dynamic/ip/pfm_dynamic_memory_subsystem_0/bd_0/ip/ip_15/sim/bd_d216_plram_mem03_0_stub.sv" into library xil_defaultlib
INFO: [VRFC 10-311] analyzing module bd_d216_plram_mem03_0
INFO: [VRFC 10-2263] Analyzing Verilog file "/mnt/HLSNAS/01.XkQjFq/Vitis-Tutorials/Hardware_Acceleration/Feature_Tutorials/02-mixing-c-rtl-kernels/reference-files2/_x/link/vivado/vpl/prj/prj.ip_user_files/bd/pfm_dynamic/ip/pfm_dynamic_memory_subsystem_0/bd_0/ip/ip_16/sim/bd_d216_plram_mem03_bram_0.v" into library xil_defaultlib
INFO: [VRFC 10-311] analyzing module bd_d216_plram_mem03_bram_0
INFO: [VRFC 10-2263] Analyzing SystemVerilog file "/mnt/HLSNAS/01.XkQjFq/Vitis-Tutorials/Hardware_Acceleration/Feature_Tutorials/02-mixing-c-rtl-kernels/reference-files2/_x/link/vivado/vpl/prj/prj.ip_user_files/bd/pfm_dynamic/ip/pfm_dynamic_memory_subsystem_0/bd_0/sim/bd_d216_sci_stub.sv" into library xil_defaultlib
INFO: [VRFC 10-311] analyzing module bd_d216_sci
INFO: [VRFC 10-2263] Analyzing Verilog file "/mnt/HLSNAS/01.XkQjFq/Vitis-Tutorials/Hardware_Acceleration/Feature_Tutorials/02-mixing-c-rtl-kernels/reference-files2/_x/link/vivado/vpl/prj/prj.ip_user_files/bd/pfm_dynamic/ip/pfm_dynamic_memory_subsystem_0/bd_0/sim/bd_d216.v" into library xil_defaultlib
INFO: [VRFC 10-311] analyzing module bd_d216
INFO: [VRFC 10-311] analyzing module interconnect_imp_6HQKUY
INFO: [VRFC 10-311] analyzing module memory_imp_1K98CM8
INFO: [VRFC 10-311] analyzing module reset_imp_1YKOSPE
INFO: [VRFC 10-2263] Analyzing Verilog file "/mnt/HLSNAS/01.XkQjFq/Vitis-Tutorials/Hardware_Acceleration/Feature_Tutorials/02-mixing-c-rtl-kernels/reference-files2/_x/link/vivado/vpl/prj/prj.ip_user_files/bd/pfm_dynamic/ip/pfm_dynamic_memory_subsystem_0/sim/pfm_dynamic_memory_subsystem_0.v" into library xil_defaultlib
INFO: [VRFC 10-311] analyzing module pfm_dynamic_memory_subsystem_0
INFO: [VRFC 10-2263] Analyzing SystemVerilog file "/mnt/HLSNAS/01.XkQjFq/Vitis-Tutorials/Hardware_Acceleration/Feature_Tutorials/02-mixing-c-rtl-kernels/reference-files2/_x/link/vivado/vpl/prj/prj.ip_user_files/bd/pfm_dynamic/ip/pfm_dynamic_hmss_0_0/bd_0/ip/ip_0/sim/bd_5dca_hbm_inst_0_stub.sv" into library xil_defaultlib
INFO: [VRFC 10-311] analyzing module bd_5dca_hbm_inst_0
INFO: [VRFC 10-2263] Analyzing SystemVerilog file "/mnt/HLSNAS/01.XkQjFq/Vitis-Tutorials/Hardware_Acceleration/Feature_Tutorials/02-mixing-c-rtl-kernels/reference-files2/_x/link/vivado/vpl/prj/prj.ip_user_files/bd/pfm_dynamic/ip/pfm_dynamic_hmss_0_0/bd_0/ip/ip_5/sim/bd_5dca_vip_S01_0_stub.sv" into library xil_defaultlib
INFO: [VRFC 10-311] analyzing module bd_5dca_vip_S01_0
INFO: [VRFC 10-2263] Analyzing SystemVerilog file "/mnt/HLSNAS/01.XkQjFq/Vitis-Tutorials/Hardware_Acceleration/Feature_Tutorials/02-mixing-c-rtl-kernels/reference-files2/_x/link/vivado/vpl/prj/prj.ip_user_files/bd/pfm_dynamic/ip/pfm_dynamic_hmss_0_0/bd_0/ip/ip_8/sim/bd_5dca_vip_S02_0_stub.sv" into library xil_defaultlib
INFO: [VRFC 10-311] analyzing module bd_5dca_vip_S02_0
INFO: [VRFC 10-2263] Analyzing SystemVerilog file "/mnt/HLSNAS/01.XkQjFq/Vitis-Tutorials/Hardware_Acceleration/Feature_Tutorials/02-mixing-c-rtl-kernels/reference-files2/_x/link/vivado/vpl/prj/prj.ip_user_files/bd/pfm_dynamic/ip/pfm_dynamic_hmss_0_0/bd_0/ip/ip_11/sim/bd_5dca_vip_S03_0_stub.sv" into library xil_defaultlib
INFO: [VRFC 10-311] analyzing module bd_5dca_vip_S03_0
INFO: [VRFC 10-2263] Analyzing SystemVerilog file "/mnt/HLSNAS/01.XkQjFq/Vitis-Tutorials/Hardware_Acceleration/Feature_Tutorials/02-mixing-c-rtl-kernels/reference-files2/_x/link/vivado/vpl/prj/prj.ip_user_files/bd/pfm_dynamic/ip/pfm_dynamic_hmss_0_0/bd_0/ip/ip_14/sim/bd_5dca_vip_S00_0_stub.sv" into library xil_defaultlib
INFO: [VRFC 10-311] analyzing module bd_5dca_vip_S00_0
INFO: [VRFC 10-2263] Analyzing Verilog file "/mnt/HLSNAS/01.XkQjFq/Vitis-Tutorials/Hardware_Acceleration/Feature_Tutorials/02-mixing-c-rtl-kernels/reference-files2/_x/link/vivado/vpl/prj/prj.ip_user_files/bd/pfm_dynamic/ip/pfm_dynamic_hmss_0_0/bd_1/sim/bd_763a.v" into library xil_defaultlib
INFO: [VRFC 10-311] analyzing module bd_763a
INFO: [VRFC 10-311] analyzing module clk_map_imp_1AQRLQ6
INFO: [VRFC 10-311] analyzing module m00_exit_pipeline_imp_MFJDR9
INFO: [VRFC 10-311] analyzing module s00_entry_pipeline_imp_1MT1U1Y
INFO: [VRFC 10-311] analyzing module s00_nodes_imp_1J0M4XO
INFO: [VRFC 10-2263] Analyzing SystemVerilog file "/mnt/HLSNAS/01.XkQjFq/Vitis-Tutorials/Hardware_Acceleration/Feature_Tutorials/02-mixing-c-rtl-kernels/reference-files2/_x/link/vivado/vpl/prj/prj.ip_user_files/bd/pfm_dynamic/ip/pfm_dynamic_hmss_0_0/bd_0/ip/ip_3/sim/bd_5dca_interconnect1_0_0_stub.sv" into library xil_defaultlib
INFO: [VRFC 10-311] analyzing module bd_5dca_interconnect1_0_0
INFO: [VRFC 10-2263] Analyzing SystemVerilog file "/mnt/HLSNAS/01.XkQjFq/Vitis-Tutorials/Hardware_Acceleration/Feature_Tutorials/02-mixing-c-rtl-kernels/reference-files2/_x/link/vivado/vpl/prj/prj.ip_user_files/bd/pfm_dynamic/ip/pfm_dynamic_hmss_0_0/bd_0/ip/ip_4/sim/bd_5dca_slice1_0_0_stub.sv" into library xil_defaultlib
INFO: [VRFC 10-311] analyzing module bd_5dca_slice1_0_0
INFO: [VRFC 10-2263] Analyzing Verilog file "/mnt/HLSNAS/01.XkQjFq/Vitis-Tutorials/Hardware_Acceleration/Feature_Tutorials/02-mixing-c-rtl-kernels/reference-files2/_x/link/vivado/vpl/prj/prj.ip_user_files/bd/pfm_dynamic/ip/pfm_dynamic_hmss_0_0/bd_2/sim/bd_b62f.v" into library xil_defaultlib
INFO: [VRFC 10-311] analyzing module bd_b62f
INFO: [VRFC 10-311] analyzing module clk_map_imp_1MS6570
INFO: [VRFC 10-311] analyzing module m00_exit_pipeline_imp_C21IXJ
INFO: [VRFC 10-311] analyzing module s00_entry_pipeline_imp_1APROYC
INFO: [VRFC 10-311] analyzing module s00_nodes_imp_1GOSFF2
INFO: [VRFC 10-2263] Analyzing SystemVerilog file "/mnt/HLSNAS/01.XkQjFq/Vitis-Tutorials/Hardware_Acceleration/Feature_Tutorials/02-mixing-c-rtl-kernels/reference-files2/_x/link/vivado/vpl/prj/prj.ip_user_files/bd/pfm_dynamic/ip/pfm_dynamic_hmss_0_0/bd_0/ip/ip_6/sim/bd_5dca_interconnect2_1_0_stub.sv" into library xil_defaultlib
INFO: [VRFC 10-311] analyzing module bd_5dca_interconnect2_1_0
INFO: [VRFC 10-2263] Analyzing SystemVerilog file "/mnt/HLSNAS/01.XkQjFq/Vitis-Tutorials/Hardware_Acceleration/Feature_Tutorials/02-mixing-c-rtl-kernels/reference-files2/_x/link/vivado/vpl/prj/prj.ip_user_files/bd/pfm_dynamic/ip/pfm_dynamic_hmss_0_0/bd_0/ip/ip_7/sim/bd_5dca_slice2_1_0_stub.sv" into library xil_defaultlib
INFO: [VRFC 10-311] analyzing module bd_5dca_slice2_1_0
INFO: [VRFC 10-2263] Analyzing Verilog file "/mnt/HLSNAS/01.XkQjFq/Vitis-Tutorials/Hardware_Acceleration/Feature_Tutorials/02-mixing-c-rtl-kernels/reference-files2/_x/link/vivado/vpl/prj/prj.ip_user_files/bd/pfm_dynamic/ip/pfm_dynamic_hmss_0_0/bd_3/sim/bd_76e2.v" into library xil_defaultlib
INFO: [VRFC 10-311] analyzing module bd_76e2
INFO: [VRFC 10-311] analyzing module clk_map_imp_1ERHJXE
INFO: [VRFC 10-311] analyzing module m00_exit_pipeline_imp_LQP33T
INFO: [VRFC 10-311] analyzing module s00_entry_pipeline_imp_1L05AT6
INFO: [VRFC 10-311] analyzing module s00_nodes_imp_1O5HGWW
INFO: [VRFC 10-2263] Analyzing SystemVerilog file "/mnt/HLSNAS/01.XkQjFq/Vitis-Tutorials/Hardware_Acceleration/Feature_Tutorials/02-mixing-c-rtl-kernels/reference-files2/_x/link/vivado/vpl/prj/prj.ip_user_files/bd/pfm_dynamic/ip/pfm_dynamic_hmss_0_0/bd_0/ip/ip_9/sim/bd_5dca_interconnect3_2_0_stub.sv" into library xil_defaultlib
INFO: [VRFC 10-311] analyzing module bd_5dca_interconnect3_2_0
INFO: [VRFC 10-2263] Analyzing SystemVerilog file "/mnt/HLSNAS/01.XkQjFq/Vitis-Tutorials/Hardware_Acceleration/Feature_Tutorials/02-mixing-c-rtl-kernels/reference-files2/_x/link/vivado/vpl/prj/prj.ip_user_files/bd/pfm_dynamic/ip/pfm_dynamic_hmss_0_0/bd_0/ip/ip_10/sim/bd_5dca_slice3_2_0_stub.sv" into library xil_defaultlib
INFO: [VRFC 10-311] analyzing module bd_5dca_slice3_2_0
INFO: [VRFC 10-2263] Analyzing Verilog file "/mnt/HLSNAS/01.XkQjFq/Vitis-Tutorials/Hardware_Acceleration/Feature_Tutorials/02-mixing-c-rtl-kernels/reference-files2/_x/link/vivado/vpl/prj/prj.ip_user_files/bd/pfm_dynamic/ip/pfm_dynamic_hmss_0_0/bd_4/sim/bd_b6f7.v" into library xil_defaultlib
INFO: [VRFC 10-311] analyzing module bd_b6f7
INFO: [VRFC 10-311] analyzing module clk_map_imp_4TL5A6
INFO: [VRFC 10-311] analyzing module m00_exit_pipeline_imp_1SVHHD1
INFO: [VRFC 10-311] analyzing module s00_entry_pipeline_imp_TNS4KM
INFO: [VRFC 10-311] analyzing module s00_nodes_imp_ZCADRW
INFO: [VRFC 10-2263] Analyzing SystemVerilog file "/mnt/HLSNAS/01.XkQjFq/Vitis-Tutorials/Hardware_Acceleration/Feature_Tutorials/02-mixing-c-rtl-kernels/reference-files2/_x/link/vivado/vpl/prj/prj.ip_user_files/bd/pfm_dynamic/ip/pfm_dynamic_hmss_0_0/bd_0/ip/ip_12/sim/bd_5dca_interconnect0_3_0_stub.sv" into library xil_defaultlib
INFO: [VRFC 10-311] analyzing module bd_5dca_interconnect0_3_0
INFO: [VRFC 10-2263] Analyzing SystemVerilog file "/mnt/HLSNAS/01.XkQjFq/Vitis-Tutorials/Hardware_Acceleration/Feature_Tutorials/02-mixing-c-rtl-kernels/reference-files2/_x/link/vivado/vpl/prj/prj.ip_user_files/bd/pfm_dynamic/ip/pfm_dynamic_hmss_0_0/bd_0/ip/ip_13/sim/bd_5dca_slice0_3_0_stub.sv" into library xil_defaultlib
INFO: [VRFC 10-311] analyzing module bd_5dca_slice0_3_0
INFO: [VRFC 10-2263] Analyzing Verilog file "/mnt/HLSNAS/01.XkQjFq/Vitis-Tutorials/Hardware_Acceleration/Feature_Tutorials/02-mixing-c-rtl-kernels/reference-files2/_x/link/vivado/vpl/prj/prj.ip_user_files/bd/pfm_dynamic/ip/pfm_dynamic_hmss_0_0/bd_0/ip/ip_16/sim/bd_5dca_init_concat_0.v" into library xil_defaultlib
INFO: [VRFC 10-311] analyzing module bd_5dca_init_concat_0
INFO: [VRFC 10-2263] Analyzing Verilog file "/mnt/HLSNAS/01.XkQjFq/Vitis-Tutorials/Hardware_Acceleration/Feature_Tutorials/02-mixing-c-rtl-kernels/reference-files2/_x/link/vivado/vpl/prj/prj.ip_user_files/bd/pfm_dynamic/ip/pfm_dynamic_hmss_0_0/bd_0/ip/ip_17/sim/bd_5dca_init_reduce_0.v" into library xil_defaultlib
INFO: [VRFC 10-311] analyzing module bd_5dca_init_reduce_0
INFO: [VRFC 10-2263] Analyzing SystemVerilog file "/mnt/HLSNAS/01.XkQjFq/Vitis-Tutorials/Hardware_Acceleration/Feature_Tutorials/02-mixing-c-rtl-kernels/reference-files2/_x/link/vivado/vpl/prj/prj.ip_user_files/bd/pfm_dynamic/ip/pfm_dynamic_hmss_0_0/bd_0/sim/bd_5dca_sci_stub.sv" into library xil_defaultlib
INFO: [VRFC 10-311] analyzing module bd_5dca_sci
INFO: [VRFC 10-2263] Analyzing Verilog file "/mnt/HLSNAS/01.XkQjFq/Vitis-Tutorials/Hardware_Acceleration/Feature_Tutorials/02-mixing-c-rtl-kernels/reference-files2/_x/link/vivado/vpl/prj/prj.ip_user_files/bd/pfm_dynamic/ip/pfm_dynamic_hmss_0_0/bd_0/sim/bd_5dca.v" into library xil_defaultlib
INFO: [VRFC 10-311] analyzing module bd_5dca
INFO: [VRFC 10-311] analyzing module init_logic_imp_156LN22
INFO: [VRFC 10-311] analyzing module path_0_imp_D0DQII
INFO: [VRFC 10-311] analyzing module path_1_imp_1QSHYAS
INFO: [VRFC 10-311] analyzing module path_2_imp_U6BEH3
INFO: [VRFC 10-311] analyzing module path_3_imp_18IDHND
INFO: [VRFC 10-2263] Analyzing Verilog file "/mnt/HLSNAS/01.XkQjFq/Vitis-Tutorials/Hardware_Acceleration/Feature_Tutorials/02-mixing-c-rtl-kernels/reference-files2/_x/link/vivado/vpl/prj/prj.ip_user_files/bd/pfm_dynamic/ip/pfm_dynamic_hmss_0_0/sim/pfm_dynamic_hmss_0_0.v" into library xil_defaultlib
INFO: [VRFC 10-311] analyzing module pfm_dynamic_hmss_0_0
INFO: [VRFC 10-2263] Analyzing SystemVerilog file "/mnt/HLSNAS/01.XkQjFq/Vitis-Tutorials/Hardware_Acceleration/Feature_Tutorials/02-mixing-c-rtl-kernels/reference-files2/_x/link/vivado/vpl/prj/prj.ip_user_files/bd/pfm_dynamic/ip/pfm_dynamic_profile_vip_0_0/sim/pfm_dynamic_profile_vip_0_0_stub.sv" into library xil_defaultlib
INFO: [VRFC 10-311] analyzing module pfm_dynamic_profile_vip_0_0
INFO: [VRFC 10-2263] Analyzing Verilog file "/mnt/HLSNAS/01.XkQjFq/Vitis-Tutorials/Hardware_Acceleration/Feature_Tutorials/02-mixing-c-rtl-kernels/reference-files2/_x/link/vivado/vpl/prj/prj.ip_user_files/bd/pfm_dynamic/ip/pfm_dynamic_hbm_ref_clk_1_0/sim/pfm_dynamic_hbm_ref_clk_1_0.v" into library xil_defaultlib
INFO: [VRFC 10-311] analyzing module pfm_dynamic_hbm_ref_clk_1_0
INFO: [VRFC 10-2263] Analyzing Verilog file "/mnt/HLSNAS/01.XkQjFq/Vitis-Tutorials/Hardware_Acceleration/Feature_Tutorials/02-mixing-c-rtl-kernels/reference-files2/_x/link/vivado/vpl/prj/prj.ip_user_files/bd/pfm_dynamic/ip/pfm_dynamic_hbm_aclk_1_0/sim/pfm_dynamic_hbm_aclk_1_0.v" into library xil_defaultlib
INFO: [VRFC 10-311] analyzing module pfm_dynamic_hbm_aclk_1_0
INFO: [VRFC 10-2263] Analyzing Verilog file "/mnt/HLSNAS/01.XkQjFq/Vitis-Tutorials/Hardware_Acceleration/Feature_Tutorials/02-mixing-c-rtl-kernels/reference-files2/_x/link/vivado/vpl/prj/prj.ip_user_files/bd/pfm_dynamic/ip/pfm_dynamic_ctrl_aclk_1_0/sim/pfm_dynamic_ctrl_aclk_1_0.v" into library xil_defaultlib
INFO: [VRFC 10-311] analyzing module pfm_dynamic_ctrl_aclk_1_0
INFO: [VRFC 10-2263] Analyzing Verilog file "/mnt/HLSNAS/01.XkQjFq/Vitis-Tutorials/Hardware_Acceleration/Feature_Tutorials/02-mixing-c-rtl-kernels/reference-files2/_x/link/vivado/vpl/prj/prj.ip_user_files/bd/pfm_dynamic/sim/pfm_dynamic.v" into library xil_defaultlib
INFO: [VRFC 10-311] analyzing module System_DPA_imp_NCWU00
INFO: [VRFC 10-311] analyzing module interrupt_concat_imp_1SXQM3I
INFO: [VRFC 10-311] analyzing module m00_couplers_imp_184K1VH
INFO: [VRFC 10-311] analyzing module m00_couplers_imp_8JNEI7
INFO: [VRFC 10-311] analyzing module m01_couplers_imp_87NC3
INFO: [VRFC 10-311] analyzing module m01_couplers_imp_ZTEVG1
INFO: [VRFC 10-311] analyzing module m02_couplers_imp_1XDIRMA
INFO: [VRFC 10-311] analyzing module m02_couplers_imp_YCLZI8
INFO: [VRFC 10-311] analyzing module m03_couplers_imp_1RAAZKU
INFO: [VRFC 10-311] analyzing module m03_couplers_imp_S92BBG
INFO: [VRFC 10-311] analyzing module m04_couplers_imp_13DUO5I
INFO: [VRFC 10-311] analyzing module pfm_dynamic
INFO: [VRFC 10-311] analyzing module pfm_dynamic_dpa_ctrl_interconnect_0
INFO: [VRFC 10-311] analyzing module pfm_dynamic_interconnect_axilite_user_0_0
INFO: [VRFC 10-311] analyzing module pfm_dynamic_interconnect_axilite_user_1_0
INFO: [VRFC 10-311] analyzing module s00_couplers_imp_1VD9R9B
INFO: [VRFC 10-311] analyzing module s00_couplers_imp_BJPJ00
INFO: [VRFC 10-311] analyzing module s00_couplers_imp_VX2DF1
INFO: [VRFC 10-311] analyzing module slr0_imp_1Q3M93Z
INFO: [VRFC 10-311] analyzing module slr1_imp_IZT2WG
INFO: [VRFC 10-2263] Analyzing Verilog file "/mnt/HLSNAS/01.XkQjFq/Vitis-Tutorials/Hardware_Acceleration/Feature_Tutorials/02-mixing-c-rtl-kernels/reference-files2/_x/link/vivado/vpl/prj/prj.gen/sources_1/bd/pfm_dynamic/ipshared/2850/hdl/verilog/krnl_vadd_arrayA_RAM_AUTO_1R1W.v" into library xil_defaultlib
INFO: [VRFC 10-311] analyzing module krnl_vadd_arrayA_RAM_AUTO_1R1W
INFO: [VRFC 10-2263] Analyzing Verilog file "/mnt/HLSNAS/01.XkQjFq/Vitis-Tutorials/Hardware_Acceleration/Feature_Tutorials/02-mixing-c-rtl-kernels/reference-files2/_x/link/vivado/vpl/prj/prj.gen/sources_1/bd/pfm_dynamic/ipshared/2850/hdl/verilog/krnl_vadd_control_s_axi.v" into library xil_defaultlib
INFO: [VRFC 10-311] analyzing module krnl_vadd_control_s_axi
INFO: [VRFC 10-2263] Analyzing Verilog file "/mnt/HLSNAS/01.XkQjFq/Vitis-Tutorials/Hardware_Acceleration/Feature_Tutorials/02-mixing-c-rtl-kernels/reference-files2/_x/link/vivado/vpl/prj/prj.gen/sources_1/bd/pfm_dynamic/ipshared/2850/hdl/verilog/krnl_vadd_gmem1_m_axi.v" into library xil_defaultlib
INFO: [VRFC 10-311] analyzing module krnl_vadd_gmem1_m_axi
INFO: [VRFC 10-311] analyzing module krnl_vadd_gmem1_m_axi_load
INFO: [VRFC 10-311] analyzing module krnl_vadd_gmem1_m_axi_store
INFO: [VRFC 10-311] analyzing module krnl_vadd_gmem1_m_axi_flushManager
INFO: [VRFC 10-311] analyzing module krnl_vadd_gmem1_m_axi_read
INFO: [VRFC 10-311] analyzing module krnl_vadd_gmem1_m_axi_write
INFO: [VRFC 10-311] analyzing module krnl_vadd_gmem1_m_axi_throttle
INFO: [VRFC 10-311] analyzing module krnl_vadd_gmem1_m_axi_reg_slice
INFO: [VRFC 10-311] analyzing module krnl_vadd_gmem1_m_axi_fifo
INFO: [VRFC 10-311] analyzing module krnl_vadd_gmem1_m_axi_srl
INFO: [VRFC 10-311] analyzing module krnl_vadd_gmem1_m_axi_mem
INFO: [VRFC 10-2263] Analyzing Verilog file "/mnt/HLSNAS/01.XkQjFq/Vitis-Tutorials/Hardware_Acceleration/Feature_Tutorials/02-mixing-c-rtl-kernels/reference-files2/_x/link/vivado/vpl/prj/prj.gen/sources_1/bd/pfm_dynamic/ipshared/2850/hdl/verilog/krnl_vadd_gmem_m_axi.v" into library xil_defaultlib
INFO: [VRFC 10-311] analyzing module krnl_vadd_gmem_m_axi
INFO: [VRFC 10-311] analyzing module krnl_vadd_gmem_m_axi_load
INFO: [VRFC 10-311] analyzing module krnl_vadd_gmem_m_axi_store
INFO: [VRFC 10-311] analyzing module krnl_vadd_gmem_m_axi_flushManager
INFO: [VRFC 10-311] analyzing module krnl_vadd_gmem_m_axi_read
INFO: [VRFC 10-311] analyzing module krnl_vadd_gmem_m_axi_write
INFO: [VRFC 10-311] analyzing module krnl_vadd_gmem_m_axi_throttle
INFO: [VRFC 10-311] analyzing module krnl_vadd_gmem_m_axi_reg_slice
INFO: [VRFC 10-311] analyzing module krnl_vadd_gmem_m_axi_fifo
INFO: [VRFC 10-311] analyzing module krnl_vadd_gmem_m_axi_srl
INFO: [VRFC 10-311] analyzing module krnl_vadd_gmem_m_axi_mem
INFO: [VRFC 10-2263] Analyzing Verilog file "/mnt/HLSNAS/01.XkQjFq/Vitis-Tutorials/Hardware_Acceleration/Feature_Tutorials/02-mixing-c-rtl-kernels/reference-files2/_x/link/vivado/vpl/prj/prj.gen/sources_1/bd/pfm_dynamic/ipshared/2850/hdl/verilog/krnl_vadd.v" into library xil_defaultlib
INFO: [VRFC 10-311] analyzing module krnl_vadd
INFO: [VRFC 10-2263] Analyzing Verilog file "/mnt/HLSNAS/01.XkQjFq/Vitis-Tutorials/Hardware_Acceleration/Feature_Tutorials/02-mixing-c-rtl-kernels/reference-files2/_x/link/vivado/vpl/prj/prj.ip_user_files/bd/pfm_dynamic/ip/pfm_dynamic_krnl_vadd_1_0/sim/pfm_dynamic_krnl_vadd_1_0.v" into library xil_defaultlib
INFO: [VRFC 10-311] analyzing module pfm_dynamic_krnl_vadd_1_0
INFO: [VRFC 10-2263] Analyzing Verilog file "/mnt/HLSNAS/01.XkQjFq/Vitis-Tutorials/Hardware_Acceleration/Feature_Tutorials/02-mixing-c-rtl-kernels/reference-files2/_x/link/vivado/vpl/prj/prj.ip_user_files/bd/pfm_dynamic/ipshared/86f8/src/rtl_kernel_wizard_0_control_s_axi.v" into library xil_defaultlib
INFO: [VRFC 10-311] analyzing module rtl_kernel_wizard_0_control_s_axi
INFO: [VRFC 10-2263] Analyzing Verilog file "/mnt/HLSNAS/01.XkQjFq/Vitis-Tutorials/Hardware_Acceleration/Feature_Tutorials/02-mixing-c-rtl-kernels/reference-files2/_x/link/vivado/vpl/prj/prj.ip_user_files/bd/pfm_dynamic/ipshared/86f8/src/rtl_kernel_wizard_0_example_adder.v" into library xil_defaultlib
INFO: [VRFC 10-311] analyzing module rtl_kernel_wizard_0_example_adder
INFO: [VRFC 10-2263] Analyzing SystemVerilog file "/mnt/HLSNAS/01.XkQjFq/Vitis-Tutorials/Hardware_Acceleration/Feature_Tutorials/02-mixing-c-rtl-kernels/reference-files2/_x/link/vivado/vpl/prj/prj.ip_user_files/bd/pfm_dynamic/ipshared/86f8/src/rtl_kernel_wizard_0_example.sv" into library xil_defaultlib
INFO: [VRFC 10-311] analyzing module rtl_kernel_wizard_0_example
INFO: [VRFC 10-2263] Analyzing SystemVerilog file "/mnt/HLSNAS/01.XkQjFq/Vitis-Tutorials/Hardware_Acceleration/Feature_Tutorials/02-mixing-c-rtl-kernels/reference-files2/_x/link/vivado/vpl/prj/prj.ip_user_files/bd/pfm_dynamic/ipshared/86f8/src/rtl_kernel_wizard_0_example_axi_read_master.sv" into library xil_defaultlib
INFO: [VRFC 10-311] analyzing module rtl_kernel_wizard_0_example_axi_read_master
INFO: [VRFC 10-2263] Analyzing SystemVerilog file "/mnt/HLSNAS/01.XkQjFq/Vitis-Tutorials/Hardware_Acceleration/Feature_Tutorials/02-mixing-c-rtl-kernels/reference-files2/_x/link/vivado/vpl/prj/prj.ip_user_files/bd/pfm_dynamic/ipshared/86f8/src/rtl_kernel_wizard_0_example_axi_write_master.sv" into library xil_defaultlib
INFO: [VRFC 10-311] analyzing module rtl_kernel_wizard_0_example_axi_write_master
INFO: [VRFC 10-2263] Analyzing SystemVerilog file "/mnt/HLSNAS/01.XkQjFq/Vitis-Tutorials/Hardware_Acceleration/Feature_Tutorials/02-mixing-c-rtl-kernels/reference-files2/_x/link/vivado/vpl/prj/prj.ip_user_files/bd/pfm_dynamic/ipshared/86f8/src/rtl_kernel_wizard_0_example_counter.sv" into library xil_defaultlib
INFO: [VRFC 10-311] analyzing module rtl_kernel_wizard_0_example_counter
INFO: [VRFC 10-2263] Analyzing SystemVerilog file "/mnt/HLSNAS/01.XkQjFq/Vitis-Tutorials/Hardware_Acceleration/Feature_Tutorials/02-mixing-c-rtl-kernels/reference-files2/_x/link/vivado/vpl/prj/prj.ip_user_files/bd/pfm_dynamic/ipshared/86f8/src/rtl_kernel_wizard_0_example_vadd.sv" into library xil_defaultlib
INFO: [VRFC 10-311] analyzing module rtl_kernel_wizard_0_example_vadd
INFO: [VRFC 10-2263] Analyzing Verilog file "/mnt/HLSNAS/01.XkQjFq/Vitis-Tutorials/Hardware_Acceleration/Feature_Tutorials/02-mixing-c-rtl-kernels/reference-files2/_x/link/vivado/vpl/prj/prj.ip_user_files/bd/pfm_dynamic/ipshared/86f8/src/rtl_kernel_wizard_0.v" into library xil_defaultlib
INFO: [VRFC 10-311] analyzing module rtl_kernel_wizard_0
INFO: [VRFC 10-2263] Analyzing Verilog file "/mnt/HLSNAS/01.XkQjFq/Vitis-Tutorials/Hardware_Acceleration/Feature_Tutorials/02-mixing-c-rtl-kernels/reference-files2/_x/link/vivado/vpl/prj/prj.ip_user_files/bd/pfm_dynamic/ip/pfm_dynamic_rtl_kernel_wizard_0_1_0/sim/pfm_dynamic_rtl_kernel_wizard_0_1_0.v" into library xil_defaultlib
INFO: [VRFC 10-311] analyzing module pfm_dynamic_rtl_kernel_wizard_0_1_0
INFO: [VRFC 10-2263] Analyzing SystemVerilog file "/mnt/HLSNAS/01.XkQjFq/Vitis-Tutorials/Hardware_Acceleration/Feature_Tutorials/02-mixing-c-rtl-kernels/reference-files2/_x/link/vivado/vpl/prj/prj.ip_user_files/bd/pfm_dynamic/ip/pfm_dynamic_irq_const_tieoff_0/sim/pfm_dynamic_irq_const_tieoff_0_stub.sv" into library xil_defaultlib
INFO: [VRFC 10-311] analyzing module pfm_dynamic_irq_const_tieoff_0
INFO: [VRFC 10-2263] Analyzing SystemVerilog file "/mnt/HLSNAS/01.XkQjFq/Vitis-Tutorials/Hardware_Acceleration/Feature_Tutorials/02-mixing-c-rtl-kernels/reference-files2/_x/link/vivado/vpl/prj/prj.ip_user_files/bd/pfm_dynamic/ip/pfm_dynamic_dpa_hub_0/sim/pfm_dynamic_dpa_hub_0_stub.sv" into library xil_defaultlib
INFO: [VRFC 10-311] analyzing module pfm_dynamic_dpa_hub_0
INFO: [VRFC 10-2263] Analyzing SystemVerilog file "/mnt/HLSNAS/01.XkQjFq/Vitis-Tutorials/Hardware_Acceleration/Feature_Tutorials/02-mixing-c-rtl-kernels/reference-files2/_x/link/vivado/vpl/prj/prj.ip_user_files/bd/pfm_dynamic/ip/pfm_dynamic_dpa_mon0_0/sim/pfm_dynamic_dpa_mon0_0_stub.sv" into library xil_defaultlib
INFO: [VRFC 10-311] analyzing module pfm_dynamic_dpa_mon0_0
INFO: [VRFC 10-2263] Analyzing SystemVerilog file "/mnt/HLSNAS/01.XkQjFq/Vitis-Tutorials/Hardware_Acceleration/Feature_Tutorials/02-mixing-c-rtl-kernels/reference-files2/_x/link/vivado/vpl/prj/prj.ip_user_files/bd/pfm_dynamic/ip/pfm_dynamic_dpa_mon1_0/sim/pfm_dynamic_dpa_mon1_0_stub.sv" into library xil_defaultlib
INFO: [VRFC 10-311] analyzing module pfm_dynamic_dpa_mon1_0
INFO: [VRFC 10-2263] Analyzing SystemVerilog file "/mnt/HLSNAS/01.XkQjFq/Vitis-Tutorials/Hardware_Acceleration/Feature_Tutorials/02-mixing-c-rtl-kernels/reference-files2/_x/link/vivado/vpl/prj/prj.ip_user_files/bd/pfm_dynamic/ip/pfm_dynamic_dpa_mon2_0/sim/pfm_dynamic_dpa_mon2_0_stub.sv" into library xil_defaultlib
INFO: [VRFC 10-311] analyzing module pfm_dynamic_dpa_mon2_0
INFO: [VRFC 10-2263] Analyzing SystemVerilog file "/mnt/HLSNAS/01.XkQjFq/Vitis-Tutorials/Hardware_Acceleration/Feature_Tutorials/02-mixing-c-rtl-kernels/reference-files2/_x/link/vivado/vpl/prj/prj.ip_user_files/bd/pfm_dynamic/ip/pfm_dynamic_xbar_3/sim/pfm_dynamic_xbar_3_stub.sv" into library xil_defaultlib
INFO: [VRFC 10-311] analyzing module pfm_dynamic_xbar_3
INFO: [VRFC 10-2263] Analyzing SystemVerilog file "/mnt/HLSNAS/01.XkQjFq/Vitis-Tutorials/Hardware_Acceleration/Feature_Tutorials/02-mixing-c-rtl-kernels/reference-files2/_x/link/vivado/vpl/prj/prj.ip_user_files/bd/pfm_dynamic/ip/pfm_dynamic_xbar_4/sim/pfm_dynamic_xbar_4_stub.sv" into library xil_defaultlib
INFO: [VRFC 10-311] analyzing module pfm_dynamic_xbar_4
INFO: [VRFC 10-2263] Analyzing SystemVerilog file "/mnt/HLSNAS/01.XkQjFq/Vitis-Tutorials/Hardware_Acceleration/Feature_Tutorials/02-mixing-c-rtl-kernels/reference-files2/_x/link/vivado/vpl/prj/prj.ip_user_files/bd/pfm_dynamic/ip/pfm_dynamic_m01_regslice_4/sim/pfm_dynamic_m01_regslice_4_stub.sv" into library xil_defaultlib
INFO: [VRFC 10-311] analyzing module pfm_dynamic_m01_regslice_4
INFO: [VRFC 10-2263] Analyzing SystemVerilog file "/mnt/HLSNAS/01.XkQjFq/Vitis-Tutorials/Hardware_Acceleration/Feature_Tutorials/02-mixing-c-rtl-kernels/reference-files2/_x/link/vivado/vpl/prj/prj.ip_user_files/bd/pfm_dynamic/ip/pfm_dynamic_m02_regslice_4/sim/pfm_dynamic_m02_regslice_4_stub.sv" into library xil_defaultlib
INFO: [VRFC 10-311] analyzing module pfm_dynamic_m02_regslice_4
INFO: [VRFC 10-2263] Analyzing SystemVerilog file "/mnt/HLSNAS/01.XkQjFq/Vitis-Tutorials/Hardware_Acceleration/Feature_Tutorials/02-mixing-c-rtl-kernels/reference-files2/_x/link/vivado/vpl/prj/prj.ip_user_files/bd/pfm_dynamic/ip/pfm_dynamic_auto_cc_0/sim/pfm_dynamic_auto_cc_0_stub.sv" into library xil_defaultlib
INFO: [VRFC 10-311] analyzing module pfm_dynamic_auto_cc_0
INFO: [VRFC 10-2263] Analyzing SystemVerilog file "/mnt/HLSNAS/01.XkQjFq/Vitis-Tutorials/Hardware_Acceleration/Feature_Tutorials/02-mixing-c-rtl-kernels/reference-files2/_x/link/vivado/vpl/prj/prj.ip_user_files/bd/pfm_dynamic/ip/pfm_dynamic_m03_regslice_4/sim/pfm_dynamic_m03_regslice_4_stub.sv" into library xil_defaultlib
INFO: [VRFC 10-311] analyzing module pfm_dynamic_m03_regslice_4
INFO: [VRFC 10-2263] Analyzing SystemVerilog file "/mnt/HLSNAS/01.XkQjFq/Vitis-Tutorials/Hardware_Acceleration/Feature_Tutorials/02-mixing-c-rtl-kernels/reference-files2/_x/link/vivado/vpl/prj/prj.ip_user_files/bd/pfm_dynamic/ip/pfm_dynamic_auto_cc_1/sim/pfm_dynamic_auto_cc_1_stub.sv" into library xil_defaultlib
INFO: [VRFC 10-311] analyzing module pfm_dynamic_auto_cc_1
INFO: [VRFC 10-2263] Analyzing SystemVerilog file "/mnt/HLSNAS/01.XkQjFq/Vitis-Tutorials/Hardware_Acceleration/Feature_Tutorials/02-mixing-c-rtl-kernels/reference-files2/_x/link/vivado/vpl/prj/prj.ip_user_files/bd/pfm_dynamic/ip/pfm_dynamic_s00_regslice_0/sim/pfm_dynamic_s00_regslice_0_stub.sv" into library xil_defaultlib
INFO: [VRFC 10-311] analyzing module pfm_dynamic_s00_regslice_0
INFO: [VRFC 10-2263] Analyzing SystemVerilog file "/mnt/HLSNAS/01.XkQjFq/Vitis-Tutorials/Hardware_Acceleration/Feature_Tutorials/02-mixing-c-rtl-kernels/reference-files2/_x/link/vivado/vpl/prj/prj.ip_user_files/bd/pfm_dynamic/ip/pfm_dynamic_m00_regslice_0/sim/pfm_dynamic_m00_regslice_0_stub.sv" into library xil_defaultlib
INFO: [VRFC 10-311] analyzing module pfm_dynamic_m00_regslice_0
INFO: [VRFC 10-2263] Analyzing SystemVerilog file "/mnt/HLSNAS/01.XkQjFq/Vitis-Tutorials/Hardware_Acceleration/Feature_Tutorials/02-mixing-c-rtl-kernels/reference-files2/_x/link/vivado/vpl/prj/prj.ip_user_files/bd/pfm_dynamic/ip/pfm_dynamic_auto_cc_2/sim/pfm_dynamic_auto_cc_2_stub.sv" into library xil_defaultlib
INFO: [VRFC 10-311] analyzing module pfm_dynamic_auto_cc_2
INFO: [VRFC 10-2263] Analyzing SystemVerilog file "/mnt/HLSNAS/01.XkQjFq/Vitis-Tutorials/Hardware_Acceleration/Feature_Tutorials/02-mixing-c-rtl-kernels/reference-files2/_x/link/vivado/vpl/prj/prj.ip_user_files/bd/pfm_dynamic/ip/pfm_dynamic_m01_regslice_5/sim/pfm_dynamic_m01_regslice_5_stub.sv" into library xil_defaultlib
INFO: [VRFC 10-311] analyzing module pfm_dynamic_m01_regslice_5
INFO: [VRFC 10-2263] Analyzing SystemVerilog file "/mnt/HLSNAS/01.XkQjFq/Vitis-Tutorials/Hardware_Acceleration/Feature_Tutorials/02-mixing-c-rtl-kernels/reference-files2/_x/link/vivado/vpl/prj/prj.ip_user_files/bd/pfm_dynamic/ip/pfm_dynamic_auto_cc_3/sim/pfm_dynamic_auto_cc_3_stub.sv" into library xil_defaultlib
INFO: [VRFC 10-311] analyzing module pfm_dynamic_auto_cc_3
INFO: [VRFC 10-2263] Analyzing SystemVerilog file "/mnt/HLSNAS/01.XkQjFq/Vitis-Tutorials/Hardware_Acceleration/Feature_Tutorials/02-mixing-c-rtl-kernels/reference-files2/_x/link/vivado/vpl/prj/prj.ip_user_files/bd/pfm_dynamic/ip/pfm_dynamic_m02_regslice_5/sim/pfm_dynamic_m02_regslice_5_stub.sv" into library xil_defaultlib
INFO: [VRFC 10-311] analyzing module pfm_dynamic_m02_regslice_5
INFO: [VRFC 10-2263] Analyzing SystemVerilog file "/mnt/HLSNAS/01.XkQjFq/Vitis-Tutorials/Hardware_Acceleration/Feature_Tutorials/02-mixing-c-rtl-kernels/reference-files2/_x/link/vivado/vpl/prj/prj.ip_user_files/bd/pfm_dynamic/ip/pfm_dynamic_auto_cc_4/sim/pfm_dynamic_auto_cc_4_stub.sv" into library xil_defaultlib
INFO: [VRFC 10-311] analyzing module pfm_dynamic_auto_cc_4
INFO: [VRFC 10-2263] Analyzing SystemVerilog file "/mnt/HLSNAS/01.XkQjFq/Vitis-Tutorials/Hardware_Acceleration/Feature_Tutorials/02-mixing-c-rtl-kernels/reference-files2/_x/link/vivado/vpl/prj/prj.ip_user_files/bd/pfm_dynamic/ip/pfm_dynamic_m03_regslice_5/sim/pfm_dynamic_m03_regslice_5_stub.sv" into library xil_defaultlib
INFO: [VRFC 10-311] analyzing module pfm_dynamic_m03_regslice_5
INFO: [VRFC 10-2263] Analyzing SystemVerilog file "/mnt/HLSNAS/01.XkQjFq/Vitis-Tutorials/Hardware_Acceleration/Feature_Tutorials/02-mixing-c-rtl-kernels/reference-files2/_x/link/vivado/vpl/prj/prj.ip_user_files/bd/pfm_dynamic/ip/pfm_dynamic_auto_cc_5/sim/pfm_dynamic_auto_cc_5_stub.sv" into library xil_defaultlib
INFO: [VRFC 10-311] analyzing module pfm_dynamic_auto_cc_5
INFO: [VRFC 10-2263] Analyzing SystemVerilog file "/mnt/HLSNAS/01.XkQjFq/Vitis-Tutorials/Hardware_Acceleration/Feature_Tutorials/02-mixing-c-rtl-kernels/reference-files2/_x/link/vivado/vpl/prj/prj.ip_user_files/bd/pfm_dynamic/ip/pfm_dynamic_m04_regslice_0/sim/pfm_dynamic_m04_regslice_0_stub.sv" into library xil_defaultlib
INFO: [VRFC 10-311] analyzing module pfm_dynamic_m04_regslice_0
INFO: [VRFC 10-2263] Analyzing SystemVerilog file "/mnt/HLSNAS/01.XkQjFq/Vitis-Tutorials/Hardware_Acceleration/Feature_Tutorials/02-mixing-c-rtl-kernels/reference-files2/_x/link/vivado/vpl/prj/prj.ip_user_files/bd/pfm_dynamic/ip/pfm_dynamic_auto_cc_6/sim/pfm_dynamic_auto_cc_6_stub.sv" into library xil_defaultlib
INFO: [VRFC 10-311] analyzing module pfm_dynamic_auto_cc_6
INFO: [VRFC 10-2263] Analyzing SystemVerilog file "/mnt/HLSNAS/01.XkQjFq/Vitis-Tutorials/Hardware_Acceleration/Feature_Tutorials/02-mixing-c-rtl-kernels/reference-files2/_x/link/vivado/vpl/prj/prj.ip_user_files/bd/pfm_dynamic/sim/pfm_dynamic_sci_stub.sv" into library xil_defaultlib
INFO: [VRFC 10-311] analyzing module pfm_dynamic_sci
INFO: [VRFC 10-2263] Analyzing Verilog file "/mnt/HLSNAS/01.XkQjFq/Vitis-Tutorials/Hardware_Acceleration/Feature_Tutorials/02-mixing-c-rtl-kernels/reference-files2/_x/link/vivado/vpl/prj/prj.ip_user_files/bd/pfm_top/ip/pfm_top_kernel2_clk_0/sim/pfm_top_kernel2_clk_0.v" into library xil_defaultlib
INFO: [VRFC 10-311] analyzing module pfm_top_kernel2_clk_0
INFO: [VRFC 10-2263] Analyzing Verilog file "/mnt/HLSNAS/01.XkQjFq/Vitis-Tutorials/Hardware_Acceleration/Feature_Tutorials/02-mixing-c-rtl-kernels/reference-files2/_x/link/vivado/vpl/prj/prj.ip_user_files/bd/pfm_top/ip/pfm_top_kernel_clk_0/sim/pfm_top_kernel_clk_0.v" into library xil_defaultlib
INFO: [VRFC 10-311] analyzing module pfm_top_kernel_clk_0
INFO: [VRFC 10-2263] Analyzing Verilog file "/mnt/HLSNAS/01.XkQjFq/Vitis-Tutorials/Hardware_Acceleration/Feature_Tutorials/02-mixing-c-rtl-kernels/reference-files2/_x/link/vivado/vpl/prj/prj.ip_user_files/bd/pfm_top/ip/pfm_top_dma_pcie_clk_0/sim/pfm_top_dma_pcie_clk_0.v" into library xil_defaultlib
INFO: [VRFC 10-311] analyzing module pfm_top_dma_pcie_clk_0
INFO: [VRFC 10-2263] Analyzing SystemVerilog file "/mnt/HLSNAS/01.XkQjFq/Vitis-Tutorials/Hardware_Acceleration/Feature_Tutorials/02-mixing-c-rtl-kernels/reference-files2/_x/link/vivado/vpl/prj/prj.ip_user_files/bd/pfm_top/ip/pfm_top_embedded_schedular_0/sim/pfm_top_embedded_schedular_0_stub.sv" into library xil_defaultlib
INFO: [VRFC 10-311] analyzing module pfm_top_embedded_schedular_0
INFO: [VRFC 10-2263] Analyzing SystemVerilog file "/mnt/HLSNAS/01.XkQjFq/Vitis-Tutorials/Hardware_Acceleration/Feature_Tutorials/02-mixing-c-rtl-kernels/reference-files2/_x/link/vivado/vpl/prj/prj.ip_user_files/bd/pfm_top/ip/pfm_top_smartconnect_0_0/sim/pfm_top_smartconnect_0_0_stub.sv" into library xil_defaultlib
INFO: [VRFC 10-311] analyzing module pfm_top_smartconnect_0_0
INFO: [VRFC 10-2263] Analyzing SystemVerilog file "/mnt/HLSNAS/01.XkQjFq/Vitis-Tutorials/Hardware_Acceleration/Feature_Tutorials/02-mixing-c-rtl-kernels/reference-files2/_x/link/vivado/vpl/prj/prj.ip_user_files/bd/pfm_top/ip/pfm_top_axi_vip_0_0/sim/pfm_top_axi_vip_0_0_stub.sv" into library xil_defaultlib
INFO: [VRFC 10-311] analyzing module pfm_top_axi_vip_0_0
INFO: [VRFC 10-2263] Analyzing SystemVerilog file "/mnt/HLSNAS/01.XkQjFq/Vitis-Tutorials/Hardware_Acceleration/Feature_Tutorials/02-mixing-c-rtl-kernels/reference-files2/_x/link/vivado/vpl/prj/prj.ip_user_files/bd/pfm_top/ip/pfm_top_sim_address_0_0/sim/pfm_top_sim_address_0_0_stub.sv" into library xil_defaultlib
INFO: [VRFC 10-311] analyzing module pfm_top_sim_address_0_0
INFO: [VRFC 10-2263] Analyzing SystemVerilog file "/mnt/HLSNAS/01.XkQjFq/Vitis-Tutorials/Hardware_Acceleration/Feature_Tutorials/02-mixing-c-rtl-kernels/reference-files2/_x/link/vivado/vpl/prj/prj.ip_user_files/bd/pfm_top/ip/pfm_top_sim_qdma_0_0/sim/pfm_top_sim_qdma_0_0_stub.sv" into library xil_defaultlib
INFO: [VRFC 10-311] analyzing module pfm_top_sim_qdma_0_0
INFO: [VRFC 10-2263] Analyzing Verilog file "/mnt/HLSNAS/01.XkQjFq/Vitis-Tutorials/Hardware_Acceleration/Feature_Tutorials/02-mixing-c-rtl-kernels/reference-files2/_x/link/vivado/vpl/prj/prj.ip_user_files/bd/pfm_top/sim/pfm_top.v" into library xil_defaultlib
INFO: [VRFC 10-311] analyzing module clk_reset_wizard_imp_1ULW1Z6
INFO: [VRFC 10-311] analyzing module m00_couplers_imp_1WWR602
INFO: [VRFC 10-311] analyzing module m01_couplers_imp_ZIGXNL
INFO: [VRFC 10-311] analyzing module m02_couplers_imp_CBJNC5
INFO: [VRFC 10-311] analyzing module pfm_top
INFO: [VRFC 10-311] analyzing module pfm_top_connect_to_es_cu_0
INFO: [VRFC 10-311] analyzing module s00_couplers_imp_ZCH4U6
INFO: [VRFC 10-311] analyzing module s01_couplers_imp_1X0T1Q5
INFO: [VRFC 10-311] analyzing module static_region_imp_1TEKTPK
INFO: [VRFC 10-2263] Analyzing SystemVerilog file "/mnt/HLSNAS/01.XkQjFq/Vitis-Tutorials/Hardware_Acceleration/Feature_Tutorials/02-mixing-c-rtl-kernels/reference-files2/_x/link/vivado/vpl/prj/prj.ip_user_files/bd/pfm_top/sim/pfm_top_sci_stub.sv" into library xil_defaultlib
INFO: [VRFC 10-311] analyzing module pfm_top_sci
INFO: [VRFC 10-2263] Analyzing SystemVerilog file "/mnt/HLSNAS/01.XkQjFq/Vitis-Tutorials/Hardware_Acceleration/Feature_Tutorials/02-mixing-c-rtl-kernels/reference-files2/_x/link/vivado/vpl/prj/prj.ip_user_files/bd/pfm_top/ip/pfm_top_xbar_0/sim/pfm_top_xbar_0_stub.sv" into library xil_defaultlib
INFO: [VRFC 10-311] analyzing module pfm_top_xbar_0
INFO: [VRFC 10-2263] Analyzing Verilog file "/mnt/HLSNAS/01.XkQjFq/Vitis-Tutorials/Hardware_Acceleration/Feature_Tutorials/02-mixing-c-rtl-kernels/reference-files2/_x/link/vivado/vpl/prj/prj.srcs/sources_1/imports/hdl/pfm_top_wrapper.v" into library xil_defaultlib
INFO: [VRFC 10-311] analyzing module pfm_top_wrapper
INFO: [VRFC 10-2263] Analyzing Verilog file "/mnt/HLSNAS/01.XkQjFq/Vitis-Tutorials/Hardware_Acceleration/Feature_Tutorials/02-mixing-c-rtl-kernels/reference-files2/_x/link/vivado/vpl/prj/prj.sim/sim_1/behav_waveform/xsim/glbl.v" into library xil_defaultlib
INFO: [VRFC 10-311] analyzing module glbl
