Thu Oct 13 19:52:42 2022: Running xcd server. This server was built by gradle.
Thu Oct 13 19:52:42 2022: Server was asked to start on port: '41547'
Thu Oct 13 19:52:42 2022: Server is using token UUID: 'f0877d31-ea09-494c-81eb-30ee42fb9671'
Thu Oct 13 19:52:42 2022: SESSION_MGR: creating session with session uuid: '6d04a3e9-ade5-4ab9-8d63-1f78fcd2ec76' and name 'default'
Thu Oct 13 19:52:42 2022: Attempting to start server on port '41547'
Thu Oct 13 19:52:42 2022: XCD main fifo: created main fifo '/tmp/xcdmainf0877d31-ea09-494c-81eb-30ee42fb9671', fd read = 13
Thu Oct 13 19:52:42 2022: Running Dispatch Server
Thu Oct 13 19:52:42 2022: Version 2.2.0
Thu Oct 13 19:52:51 2022: Dispatch Server: Accepted socket connection from client
Thu Oct 13 19:52:51 2022: Starting Socket connection
Thu Oct 13 19:52:51 2022: EXCHANGE_TOKEN received, server token: f0877d31-ea09-494c-81eb-30ee42fb9671, passed token: f0877d31-ea09-494c-81eb-30ee42fb9671
Thu Oct 13 19:52:51 2022: DISPATCH_HANDLER: Adding handler from function makeHandler in library libxv_system_diagram
Thu Oct 13 19:52:51 2022: SESSION_MGR: creating session with session uuid: 'a8edf987-0d2b-4ff7-9a90-af6235ebe91a' and name 'v++_compile_krnl_vadd.sw_emu.xilinx_u50_gen3x16_xdma_5_202210_1'
Thu Oct 13 19:52:51 2022: KERNEL_SVC: creating session with uuid: 'a8edf987-0d2b-4ff7-9a90-af6235ebe91a' and name 'v++_compile_krnl_vadd.sw_emu.xilinx_u50_gen3x16_xdma_5_202210_1'
Thu Oct 13 19:52:51 2022: GUIDANCE_SMGR: creating guidance session with uuid: 'a8edf987-0d2b-4ff7-9a90-af6235ebe91a' and name 'v++_compile_krnl_vadd.sw_emu.xilinx_u50_gen3x16_xdma_5_202210_1'
Thu Oct 13 19:52:51 2022: SYSTEM_DIAGRAM: creating session with uuid: 'a8edf987-0d2b-4ff7-9a90-af6235ebe91a' and name 'v++_compile_krnl_vadd.sw_emu.xilinx_u50_gen3x16_xdma_5_202210_1'
Thu Oct 13 19:53:02 2022: SESSION_MGR: closing session for UUID 'a8edf987-0d2b-4ff7-9a90-af6235ebe91a' with name 'v++_compile_krnl_vadd.sw_emu.xilinx_u50_gen3x16_xdma_5_202210_1'
Thu Oct 13 19:53:02 2022: KERNEL_SVC: closing session for UUID 'a8edf987-0d2b-4ff7-9a90-af6235ebe91a' with name 'v++_compile_krnl_vadd.sw_emu.xilinx_u50_gen3x16_xdma_5_202210_1'
Thu Oct 13 19:53:02 2022: GUIDANCE_SMGR: closing session for UUID 'a8edf987-0d2b-4ff7-9a90-af6235ebe91a' with name 'v++_compile_krnl_vadd.sw_emu.xilinx_u50_gen3x16_xdma_5_202210_1'
Thu Oct 13 19:53:02 2022: SYSTEM_DIAGRAM: closing session for UUID 'a8edf987-0d2b-4ff7-9a90-af6235ebe91a' with name 'v++_compile_krnl_vadd.sw_emu.xilinx_u50_gen3x16_xdma_5_202210_1'
Thu Oct 13 19:53:02 2022: STOP_SERVER received, server token: f0877d31-ea09-494c-81eb-30ee42fb9671, passed token: f0877d31-ea09-494c-81eb-30ee42fb9671
Thu Oct 13 19:53:02 2022: Socket received request to stop server.
Thu Oct 13 19:53:02 2022: Dispatch Server: do_await_stop
Thu Oct 13 19:53:02 2022: Dispatch Server: stopping mainFifo_
Thu Oct 13 19:53:02 2022: XCD main fifo: Stopping
Thu Oct 13 19:53:02 2022: XCD main fifo: do_read error code: Operation canceled
Thu Oct 13 19:53:02 2022: XCD main fifo: bytes_transferred: 0
Thu Oct 13 19:53:02 2022: SERVER: destructor for server bound to port 41547
Thu Oct 13 19:53:02 2022: XCD main fifo: Good unlink of /tmp/xcdmainf0877d31-ea09-494c-81eb-30ee42fb9671
Thu Oct 13 19:53:02 2022: Server exiting with status 0.
Thu Oct 13 19:53:02 2022: Closing log file.
Thu Oct 13 19:53:03 2022: Running xcd server. This server was built by gradle.
Thu Oct 13 19:53:03 2022: Server was asked to start on port: '45777'
Thu Oct 13 19:53:03 2022: Server is using token UUID: '40d51347-95d4-4d7e-af0e-409798f3aef5'
Thu Oct 13 19:53:03 2022: SESSION_MGR: creating session with session uuid: '6d04a3e9-ade5-4ab9-8d63-1f78fcd2ec76' and name 'default'
Thu Oct 13 19:53:03 2022: Attempting to start server on port '45777'
Thu Oct 13 19:53:03 2022: XCD main fifo: created main fifo '/tmp/xcdmain40d51347-95d4-4d7e-af0e-409798f3aef5', fd read = 13
Thu Oct 13 19:53:03 2022: Running Dispatch Server
Thu Oct 13 19:53:03 2022: Version 2.2.0
Thu Oct 13 19:53:13 2022: Dispatch Server: Accepted socket connection from client
Thu Oct 13 19:53:13 2022: Starting Socket connection
Thu Oct 13 19:53:13 2022: EXCHANGE_TOKEN received, server token: 40d51347-95d4-4d7e-af0e-409798f3aef5, passed token: 40d51347-95d4-4d7e-af0e-409798f3aef5
Thu Oct 13 19:53:13 2022: DISPATCH_HANDLER: Adding handler from function makeHandler in library libxv_system_diagram
Thu Oct 13 19:53:13 2022: SESSION_MGR: creating session with session uuid: 'f8877fad-edbb-405f-9d05-99069b4c323f' and name 'v++_link_krnl_vadd.sw_emu.xilinx_u50_gen3x16_xdma_5_202210_1'
Thu Oct 13 19:53:13 2022: KERNEL_SVC: creating session with uuid: 'f8877fad-edbb-405f-9d05-99069b4c323f' and name 'v++_link_krnl_vadd.sw_emu.xilinx_u50_gen3x16_xdma_5_202210_1'
Thu Oct 13 19:53:13 2022: GUIDANCE_SMGR: creating guidance session with uuid: 'f8877fad-edbb-405f-9d05-99069b4c323f' and name 'v++_link_krnl_vadd.sw_emu.xilinx_u50_gen3x16_xdma_5_202210_1'
Thu Oct 13 19:53:13 2022: SYSTEM_DIAGRAM: creating session with uuid: 'f8877fad-edbb-405f-9d05-99069b4c323f' and name 'v++_link_krnl_vadd.sw_emu.xilinx_u50_gen3x16_xdma_5_202210_1'
Thu Oct 13 19:53:19 2022: SESSION_MGR: closing session for UUID 'f8877fad-edbb-405f-9d05-99069b4c323f' with name 'v++_link_krnl_vadd.sw_emu.xilinx_u50_gen3x16_xdma_5_202210_1'
Thu Oct 13 19:53:19 2022: KERNEL_SVC: closing session for UUID 'f8877fad-edbb-405f-9d05-99069b4c323f' with name 'v++_link_krnl_vadd.sw_emu.xilinx_u50_gen3x16_xdma_5_202210_1'
Thu Oct 13 19:53:19 2022: GUIDANCE_SMGR: closing session for UUID 'f8877fad-edbb-405f-9d05-99069b4c323f' with name 'v++_link_krnl_vadd.sw_emu.xilinx_u50_gen3x16_xdma_5_202210_1'
Thu Oct 13 19:53:19 2022: SYSTEM_DIAGRAM: closing session for UUID 'f8877fad-edbb-405f-9d05-99069b4c323f' with name 'v++_link_krnl_vadd.sw_emu.xilinx_u50_gen3x16_xdma_5_202210_1'
Thu Oct 13 19:53:19 2022: STOP_SERVER received, server token: 40d51347-95d4-4d7e-af0e-409798f3aef5, passed token: 40d51347-95d4-4d7e-af0e-409798f3aef5
Thu Oct 13 19:53:19 2022: Socket received request to stop server.
Thu Oct 13 19:53:19 2022: Dispatch Server: do_await_stop
Thu Oct 13 19:53:19 2022: Dispatch Server: stopping mainFifo_
Thu Oct 13 19:53:19 2022: XCD main fifo: Stopping
Thu Oct 13 19:53:19 2022: XCD main fifo: do_read error code: Operation canceled
Thu Oct 13 19:53:19 2022: XCD main fifo: bytes_transferred: 0
Thu Oct 13 19:53:19 2022: SERVER: destructor for server bound to port 45777
Thu Oct 13 19:53:19 2022: XCD main fifo: Good unlink of /tmp/xcdmain40d51347-95d4-4d7e-af0e-409798f3aef5
Thu Oct 13 19:53:19 2022: Server exiting with status 0.
Thu Oct 13 19:53:19 2022: Closing log file.
Thu Oct 13 19:55:57 2022: Running xcd server. This server was built by gradle.
Thu Oct 13 19:55:57 2022: Server was asked to start on port: '44729'
Thu Oct 13 19:55:57 2022: Server is using token UUID: '35c4161d-ab3e-4a7e-945f-78102e4d949b'
Thu Oct 13 19:55:57 2022: SESSION_MGR: creating session with session uuid: '6d04a3e9-ade5-4ab9-8d63-1f78fcd2ec76' and name 'default'
Thu Oct 13 19:55:57 2022: Attempting to start server on port '44729'
Thu Oct 13 19:55:57 2022: XCD main fifo: created main fifo '/tmp/xcdmain35c4161d-ab3e-4a7e-945f-78102e4d949b', fd read = 13
Thu Oct 13 19:55:57 2022: Running Dispatch Server
Thu Oct 13 19:55:57 2022: Version 2.2.0
Thu Oct 13 19:56:06 2022: Dispatch Server: Accepted socket connection from client
Thu Oct 13 19:56:06 2022: Starting Socket connection
Thu Oct 13 19:56:06 2022: EXCHANGE_TOKEN received, server token: 35c4161d-ab3e-4a7e-945f-78102e4d949b, passed token: 35c4161d-ab3e-4a7e-945f-78102e4d949b
Thu Oct 13 19:56:06 2022: DISPATCH_HANDLER: Adding handler from function makeHandler in library libxv_system_diagram
Thu Oct 13 19:56:06 2022: SESSION_MGR: creating session with session uuid: '823132cd-edbc-422c-a39b-c06a7862e05b' and name 'v++_compile_krnl_vadd.hw_emu.xilinx_u50_gen3x16_xdma_5_202210_1'
Thu Oct 13 19:56:06 2022: KERNEL_SVC: creating session with uuid: '823132cd-edbc-422c-a39b-c06a7862e05b' and name 'v++_compile_krnl_vadd.hw_emu.xilinx_u50_gen3x16_xdma_5_202210_1'
Thu Oct 13 19:56:06 2022: GUIDANCE_SMGR: creating guidance session with uuid: '823132cd-edbc-422c-a39b-c06a7862e05b' and name 'v++_compile_krnl_vadd.hw_emu.xilinx_u50_gen3x16_xdma_5_202210_1'
Thu Oct 13 19:56:06 2022: SYSTEM_DIAGRAM: creating session with uuid: '823132cd-edbc-422c-a39b-c06a7862e05b' and name 'v++_compile_krnl_vadd.hw_emu.xilinx_u50_gen3x16_xdma_5_202210_1'
Thu Oct 13 19:56:32 2022: SESSION_MGR: closing session for UUID '823132cd-edbc-422c-a39b-c06a7862e05b' with name 'v++_compile_krnl_vadd.hw_emu.xilinx_u50_gen3x16_xdma_5_202210_1'
Thu Oct 13 19:56:32 2022: KERNEL_SVC: closing session for UUID '823132cd-edbc-422c-a39b-c06a7862e05b' with name 'v++_compile_krnl_vadd.hw_emu.xilinx_u50_gen3x16_xdma_5_202210_1'
Thu Oct 13 19:56:32 2022: GUIDANCE_SMGR: closing session for UUID '823132cd-edbc-422c-a39b-c06a7862e05b' with name 'v++_compile_krnl_vadd.hw_emu.xilinx_u50_gen3x16_xdma_5_202210_1'
Thu Oct 13 19:56:32 2022: SYSTEM_DIAGRAM: closing session for UUID '823132cd-edbc-422c-a39b-c06a7862e05b' with name 'v++_compile_krnl_vadd.hw_emu.xilinx_u50_gen3x16_xdma_5_202210_1'
Thu Oct 13 19:56:32 2022: STOP_SERVER received, server token: 35c4161d-ab3e-4a7e-945f-78102e4d949b, passed token: 35c4161d-ab3e-4a7e-945f-78102e4d949b
Thu Oct 13 19:56:32 2022: Socket received request to stop server.
Thu Oct 13 19:56:32 2022: Dispatch Server: do_await_stop
Thu Oct 13 19:56:32 2022: Dispatch Server: stopping mainFifo_
Thu Oct 13 19:56:32 2022: XCD main fifo: Stopping
Thu Oct 13 19:56:32 2022: XCD main fifo: do_read error code: Operation canceled
Thu Oct 13 19:56:32 2022: XCD main fifo: bytes_transferred: 0
Thu Oct 13 19:56:32 2022: SERVER: destructor for server bound to port 44729
Thu Oct 13 19:56:32 2022: XCD main fifo: Good unlink of /tmp/xcdmain35c4161d-ab3e-4a7e-945f-78102e4d949b
Thu Oct 13 19:56:32 2022: Server exiting with status 0.
Thu Oct 13 19:56:32 2022: Closing log file.
Thu Oct 13 19:56:34 2022: Running xcd server. This server was built by gradle.
Thu Oct 13 19:56:34 2022: Server was asked to start on port: '43441'
Thu Oct 13 19:56:34 2022: Server is using token UUID: 'c92791ea-2467-4090-b460-069545ad53fe'
Thu Oct 13 19:56:34 2022: SESSION_MGR: creating session with session uuid: '6d04a3e9-ade5-4ab9-8d63-1f78fcd2ec76' and name 'default'
Thu Oct 13 19:56:34 2022: Attempting to start server on port '43441'
Thu Oct 13 19:56:34 2022: XCD main fifo: created main fifo '/tmp/xcdmainc92791ea-2467-4090-b460-069545ad53fe', fd read = 13
Thu Oct 13 19:56:34 2022: Running Dispatch Server
Thu Oct 13 19:56:34 2022: Version 2.2.0
Thu Oct 13 19:56:43 2022: Dispatch Server: Accepted socket connection from client
Thu Oct 13 19:56:43 2022: Starting Socket connection
Thu Oct 13 19:56:43 2022: EXCHANGE_TOKEN received, server token: c92791ea-2467-4090-b460-069545ad53fe, passed token: c92791ea-2467-4090-b460-069545ad53fe
Thu Oct 13 19:56:43 2022: DISPATCH_HANDLER: Adding handler from function makeHandler in library libxv_system_diagram
Thu Oct 13 19:56:43 2022: SESSION_MGR: creating session with session uuid: 'be5ef387-dc70-4802-a52f-b9c26a8e56dc' and name 'v++_link_krnl_vadd.hw_emu.xilinx_u50_gen3x16_xdma_5_202210_1'
Thu Oct 13 19:56:43 2022: KERNEL_SVC: creating session with uuid: 'be5ef387-dc70-4802-a52f-b9c26a8e56dc' and name 'v++_link_krnl_vadd.hw_emu.xilinx_u50_gen3x16_xdma_5_202210_1'
Thu Oct 13 19:56:43 2022: GUIDANCE_SMGR: creating guidance session with uuid: 'be5ef387-dc70-4802-a52f-b9c26a8e56dc' and name 'v++_link_krnl_vadd.hw_emu.xilinx_u50_gen3x16_xdma_5_202210_1'
Thu Oct 13 19:56:43 2022: SYSTEM_DIAGRAM: creating session with uuid: 'be5ef387-dc70-4802-a52f-b9c26a8e56dc' and name 'v++_link_krnl_vadd.hw_emu.xilinx_u50_gen3x16_xdma_5_202210_1'
Thu Oct 13 19:56:59 2022: Dispatch Server: Accepted socket connection from client
Thu Oct 13 19:56:59 2022: Starting Socket connection
Thu Oct 13 19:57:13 2022: Dispatch Server: Accepted socket connection from client
Thu Oct 13 19:57:13 2022: Starting Socket connection
Thu Oct 13 20:00:36 2022: SESSION_MGR: closing session for UUID 'be5ef387-dc70-4802-a52f-b9c26a8e56dc' with name 'v++_link_krnl_vadd.hw_emu.xilinx_u50_gen3x16_xdma_5_202210_1'
Thu Oct 13 20:00:36 2022: KERNEL_SVC: closing session for UUID 'be5ef387-dc70-4802-a52f-b9c26a8e56dc' with name 'v++_link_krnl_vadd.hw_emu.xilinx_u50_gen3x16_xdma_5_202210_1'
Thu Oct 13 20:00:36 2022: GUIDANCE_SMGR: closing session for UUID 'be5ef387-dc70-4802-a52f-b9c26a8e56dc' with name 'v++_link_krnl_vadd.hw_emu.xilinx_u50_gen3x16_xdma_5_202210_1'
Thu Oct 13 20:00:36 2022: SYSTEM_DIAGRAM: closing session for UUID 'be5ef387-dc70-4802-a52f-b9c26a8e56dc' with name 'v++_link_krnl_vadd.hw_emu.xilinx_u50_gen3x16_xdma_5_202210_1'
Thu Oct 13 20:00:36 2022: STOP_SERVER received, server token: c92791ea-2467-4090-b460-069545ad53fe, passed token: c92791ea-2467-4090-b460-069545ad53fe
Thu Oct 13 20:00:36 2022: Socket received request to stop server.
Thu Oct 13 20:00:36 2022: Dispatch Server: do_await_stop
Thu Oct 13 20:00:36 2022: Dispatch Server: stopping mainFifo_
Thu Oct 13 20:00:36 2022: XCD main fifo: Stopping
Thu Oct 13 20:00:36 2022: XCD main fifo: do_read error code: Operation canceled
Thu Oct 13 20:00:36 2022: XCD main fifo: bytes_transferred: 0
Thu Oct 13 20:00:36 2022: SERVER: destructor for server bound to port 43441
Thu Oct 13 20:00:36 2022: XCD main fifo: Good unlink of /tmp/xcdmainc92791ea-2467-4090-b460-069545ad53fe
Thu Oct 13 20:00:36 2022: Server exiting with status 0.
Thu Oct 13 20:00:36 2022: Closing log file.
