Thu Oct 13 19:21:56 2022: Running xcd server. This server was built by gradle.
Thu Oct 13 19:21:56 2022: Server was asked to start on port: '33187'
Thu Oct 13 19:21:56 2022: Server is using token UUID: 'a93a5b53-5e5f-448c-a351-e8d4538ada95'
Thu Oct 13 19:21:56 2022: SESSION_MGR: creating session with session uuid: '6d04a3e9-ade5-4ab9-8d63-1f78fcd2ec76' and name 'default'
Thu Oct 13 19:21:56 2022: Attempting to start server on port '33187'
Thu Oct 13 19:21:56 2022: XCD main fifo: created main fifo '/tmp/xcdmaina93a5b53-5e5f-448c-a351-e8d4538ada95', fd read = 13
Thu Oct 13 19:21:56 2022: Running Dispatch Server
Thu Oct 13 19:21:56 2022: Version 2.2.0
Thu Oct 13 19:22:06 2022: Dispatch Server: Accepted socket connection from client
Thu Oct 13 19:22:06 2022: Starting Socket connection
Thu Oct 13 19:22:06 2022: EXCHANGE_TOKEN received, server token: a93a5b53-5e5f-448c-a351-e8d4538ada95, passed token: a93a5b53-5e5f-448c-a351-e8d4538ada95
Thu Oct 13 19:22:06 2022: DISPATCH_HANDLER: Adding handler from function makeHandler in library libxv_system_diagram
Thu Oct 13 19:22:06 2022: SESSION_MGR: creating session with session uuid: '60974ab7-4648-4403-a943-f5d9b28640bc' and name 'v++_compile_krnl_vadd.hw_emu.xilinx_u50_gen3x16_xdma_5_202210_1'
Thu Oct 13 19:22:06 2022: KERNEL_SVC: creating session with uuid: '60974ab7-4648-4403-a943-f5d9b28640bc' and name 'v++_compile_krnl_vadd.hw_emu.xilinx_u50_gen3x16_xdma_5_202210_1'
Thu Oct 13 19:22:06 2022: GUIDANCE_SMGR: creating guidance session with uuid: '60974ab7-4648-4403-a943-f5d9b28640bc' and name 'v++_compile_krnl_vadd.hw_emu.xilinx_u50_gen3x16_xdma_5_202210_1'
Thu Oct 13 19:22:06 2022: SYSTEM_DIAGRAM: creating session with uuid: '60974ab7-4648-4403-a943-f5d9b28640bc' and name 'v++_compile_krnl_vadd.hw_emu.xilinx_u50_gen3x16_xdma_5_202210_1'
Thu Oct 13 19:22:32 2022: SESSION_MGR: closing session for UUID '60974ab7-4648-4403-a943-f5d9b28640bc' with name 'v++_compile_krnl_vadd.hw_emu.xilinx_u50_gen3x16_xdma_5_202210_1'
Thu Oct 13 19:22:32 2022: KERNEL_SVC: closing session for UUID '60974ab7-4648-4403-a943-f5d9b28640bc' with name 'v++_compile_krnl_vadd.hw_emu.xilinx_u50_gen3x16_xdma_5_202210_1'
Thu Oct 13 19:22:32 2022: GUIDANCE_SMGR: closing session for UUID '60974ab7-4648-4403-a943-f5d9b28640bc' with name 'v++_compile_krnl_vadd.hw_emu.xilinx_u50_gen3x16_xdma_5_202210_1'
Thu Oct 13 19:22:32 2022: SYSTEM_DIAGRAM: closing session for UUID '60974ab7-4648-4403-a943-f5d9b28640bc' with name 'v++_compile_krnl_vadd.hw_emu.xilinx_u50_gen3x16_xdma_5_202210_1'
Thu Oct 13 19:22:32 2022: STOP_SERVER received, server token: a93a5b53-5e5f-448c-a351-e8d4538ada95, passed token: a93a5b53-5e5f-448c-a351-e8d4538ada95
Thu Oct 13 19:22:32 2022: Socket received request to stop server.
Thu Oct 13 19:22:32 2022: Dispatch Server: do_await_stop
Thu Oct 13 19:22:32 2022: Dispatch Server: stopping mainFifo_
Thu Oct 13 19:22:32 2022: XCD main fifo: Stopping
Thu Oct 13 19:22:32 2022: XCD main fifo: do_read error code: Operation canceled
Thu Oct 13 19:22:32 2022: XCD main fifo: bytes_transferred: 0
Thu Oct 13 19:22:32 2022: SERVER: destructor for server bound to port 33187
Thu Oct 13 19:22:32 2022: XCD main fifo: Good unlink of /tmp/xcdmaina93a5b53-5e5f-448c-a351-e8d4538ada95
Thu Oct 13 19:22:32 2022: Server exiting with status 0.
Thu Oct 13 19:22:32 2022: Closing log file.
Thu Oct 13 19:32:30 2022: Running xcd server. This server was built by gradle.
Thu Oct 13 19:32:30 2022: Server was asked to start on port: '44591'
Thu Oct 13 19:32:30 2022: Server is using token UUID: '97b3f9eb-efe9-4174-882b-ccec7b0cbb12'
Thu Oct 13 19:32:30 2022: SESSION_MGR: creating session with session uuid: '6d04a3e9-ade5-4ab9-8d63-1f78fcd2ec76' and name 'default'
Thu Oct 13 19:32:30 2022: Attempting to start server on port '44591'
Thu Oct 13 19:32:30 2022: XCD main fifo: created main fifo '/tmp/xcdmain97b3f9eb-efe9-4174-882b-ccec7b0cbb12', fd read = 13
Thu Oct 13 19:32:30 2022: Running Dispatch Server
Thu Oct 13 19:32:30 2022: Version 2.2.0
Thu Oct 13 19:32:39 2022: Dispatch Server: Accepted socket connection from client
Thu Oct 13 19:32:39 2022: Starting Socket connection
Thu Oct 13 19:32:39 2022: EXCHANGE_TOKEN received, server token: 97b3f9eb-efe9-4174-882b-ccec7b0cbb12, passed token: 97b3f9eb-efe9-4174-882b-ccec7b0cbb12
Thu Oct 13 19:32:39 2022: DISPATCH_HANDLER: Adding handler from function makeHandler in library libxv_system_diagram
Thu Oct 13 19:32:39 2022: SESSION_MGR: creating session with session uuid: 'd692221b-6d51-43d2-ae68-5eb748cec408' and name 'v++_link_krnl_vadd.hw_emu.xilinx_u50_gen3x16_xdma_5_202210_1'
Thu Oct 13 19:32:39 2022: KERNEL_SVC: creating session with uuid: 'd692221b-6d51-43d2-ae68-5eb748cec408' and name 'v++_link_krnl_vadd.hw_emu.xilinx_u50_gen3x16_xdma_5_202210_1'
Thu Oct 13 19:32:39 2022: GUIDANCE_SMGR: creating guidance session with uuid: 'd692221b-6d51-43d2-ae68-5eb748cec408' and name 'v++_link_krnl_vadd.hw_emu.xilinx_u50_gen3x16_xdma_5_202210_1'
Thu Oct 13 19:32:39 2022: SYSTEM_DIAGRAM: creating session with uuid: 'd692221b-6d51-43d2-ae68-5eb748cec408' and name 'v++_link_krnl_vadd.hw_emu.xilinx_u50_gen3x16_xdma_5_202210_1'
Thu Oct 13 19:32:56 2022: Dispatch Server: Accepted socket connection from client
Thu Oct 13 19:32:56 2022: Starting Socket connection
Thu Oct 13 19:33:14 2022: Dispatch Server: Accepted socket connection from client
Thu Oct 13 19:33:14 2022: Starting Socket connection
Thu Oct 13 19:37:43 2022: SESSION_MGR: closing session for UUID 'd692221b-6d51-43d2-ae68-5eb748cec408' with name 'v++_link_krnl_vadd.hw_emu.xilinx_u50_gen3x16_xdma_5_202210_1'
Thu Oct 13 19:37:43 2022: KERNEL_SVC: closing session for UUID 'd692221b-6d51-43d2-ae68-5eb748cec408' with name 'v++_link_krnl_vadd.hw_emu.xilinx_u50_gen3x16_xdma_5_202210_1'
Thu Oct 13 19:37:43 2022: GUIDANCE_SMGR: closing session for UUID 'd692221b-6d51-43d2-ae68-5eb748cec408' with name 'v++_link_krnl_vadd.hw_emu.xilinx_u50_gen3x16_xdma_5_202210_1'
Thu Oct 13 19:37:43 2022: SYSTEM_DIAGRAM: closing session for UUID 'd692221b-6d51-43d2-ae68-5eb748cec408' with name 'v++_link_krnl_vadd.hw_emu.xilinx_u50_gen3x16_xdma_5_202210_1'
Thu Oct 13 19:37:43 2022: STOP_SERVER received, server token: 97b3f9eb-efe9-4174-882b-ccec7b0cbb12, passed token: 97b3f9eb-efe9-4174-882b-ccec7b0cbb12
Thu Oct 13 19:37:43 2022: Socket received request to stop server.
Thu Oct 13 19:37:43 2022: Dispatch Server: do_await_stop
Thu Oct 13 19:37:43 2022: Dispatch Server: stopping mainFifo_
Thu Oct 13 19:37:43 2022: XCD main fifo: Stopping
Thu Oct 13 19:37:43 2022: XCD main fifo: do_read error code: Operation canceled
Thu Oct 13 19:37:43 2022: XCD main fifo: bytes_transferred: 0
Thu Oct 13 19:37:43 2022: SERVER: destructor for server bound to port 44591
Thu Oct 13 19:37:43 2022: XCD main fifo: Good unlink of /tmp/xcdmain97b3f9eb-efe9-4174-882b-ccec7b0cbb12
Thu Oct 13 19:37:43 2022: Server exiting with status 0.
Thu Oct 13 19:37:43 2022: Closing log file.
Thu Oct 13 19:47:36 2022: Running xcd server. This server was built by gradle.
Thu Oct 13 19:47:36 2022: Server was asked to start on port: '34675'
Thu Oct 13 19:47:36 2022: Server is using token UUID: '035b300a-a320-4ced-a835-89ecaad54e85'
Thu Oct 13 19:47:36 2022: SESSION_MGR: creating session with session uuid: '6d04a3e9-ade5-4ab9-8d63-1f78fcd2ec76' and name 'default'
Thu Oct 13 19:47:36 2022: Attempting to start server on port '34675'
Thu Oct 13 19:47:36 2022: XCD main fifo: created main fifo '/tmp/xcdmain035b300a-a320-4ced-a835-89ecaad54e85', fd read = 13
Thu Oct 13 19:47:36 2022: Running Dispatch Server
Thu Oct 13 19:47:36 2022: Version 2.2.0
Thu Oct 13 19:47:45 2022: Dispatch Server: Accepted socket connection from client
Thu Oct 13 19:47:45 2022: Starting Socket connection
Thu Oct 13 19:47:45 2022: EXCHANGE_TOKEN received, server token: 035b300a-a320-4ced-a835-89ecaad54e85, passed token: 035b300a-a320-4ced-a835-89ecaad54e85
Thu Oct 13 19:47:45 2022: DISPATCH_HANDLER: Adding handler from function makeHandler in library libxv_system_diagram
Thu Oct 13 19:47:45 2022: SESSION_MGR: creating session with session uuid: 'f13e2a3e-48f5-42dd-bb34-1e4d959d4134' and name 'v++_compile_krnl_vadd.sw_emu.xilinx_u50_gen3x16_xdma_5_202210_1'
Thu Oct 13 19:47:45 2022: KERNEL_SVC: creating session with uuid: 'f13e2a3e-48f5-42dd-bb34-1e4d959d4134' and name 'v++_compile_krnl_vadd.sw_emu.xilinx_u50_gen3x16_xdma_5_202210_1'
Thu Oct 13 19:47:45 2022: GUIDANCE_SMGR: creating guidance session with uuid: 'f13e2a3e-48f5-42dd-bb34-1e4d959d4134' and name 'v++_compile_krnl_vadd.sw_emu.xilinx_u50_gen3x16_xdma_5_202210_1'
Thu Oct 13 19:47:45 2022: SYSTEM_DIAGRAM: creating session with uuid: 'f13e2a3e-48f5-42dd-bb34-1e4d959d4134' and name 'v++_compile_krnl_vadd.sw_emu.xilinx_u50_gen3x16_xdma_5_202210_1'
Thu Oct 13 19:47:55 2022: SESSION_MGR: closing session for UUID 'f13e2a3e-48f5-42dd-bb34-1e4d959d4134' with name 'v++_compile_krnl_vadd.sw_emu.xilinx_u50_gen3x16_xdma_5_202210_1'
Thu Oct 13 19:47:55 2022: KERNEL_SVC: closing session for UUID 'f13e2a3e-48f5-42dd-bb34-1e4d959d4134' with name 'v++_compile_krnl_vadd.sw_emu.xilinx_u50_gen3x16_xdma_5_202210_1'
Thu Oct 13 19:47:55 2022: GUIDANCE_SMGR: closing session for UUID 'f13e2a3e-48f5-42dd-bb34-1e4d959d4134' with name 'v++_compile_krnl_vadd.sw_emu.xilinx_u50_gen3x16_xdma_5_202210_1'
Thu Oct 13 19:47:55 2022: SYSTEM_DIAGRAM: closing session for UUID 'f13e2a3e-48f5-42dd-bb34-1e4d959d4134' with name 'v++_compile_krnl_vadd.sw_emu.xilinx_u50_gen3x16_xdma_5_202210_1'
Thu Oct 13 19:47:55 2022: STOP_SERVER received, server token: 035b300a-a320-4ced-a835-89ecaad54e85, passed token: 035b300a-a320-4ced-a835-89ecaad54e85
Thu Oct 13 19:47:55 2022: Socket received request to stop server.
Thu Oct 13 19:47:55 2022: Dispatch Server: do_await_stop
Thu Oct 13 19:47:55 2022: Dispatch Server: stopping mainFifo_
Thu Oct 13 19:47:55 2022: XCD main fifo: Stopping
Thu Oct 13 19:47:55 2022: XCD main fifo: do_read error code: Operation canceled
Thu Oct 13 19:47:55 2022: XCD main fifo: bytes_transferred: 0
Thu Oct 13 19:47:55 2022: SERVER: destructor for server bound to port 34675
Thu Oct 13 19:47:55 2022: XCD main fifo: Good unlink of /tmp/xcdmain035b300a-a320-4ced-a835-89ecaad54e85
Thu Oct 13 19:47:55 2022: Server exiting with status 0.
Thu Oct 13 19:47:55 2022: Closing log file.
Thu Oct 13 19:47:57 2022: Running xcd server. This server was built by gradle.
Thu Oct 13 19:47:57 2022: Server was asked to start on port: '39573'
Thu Oct 13 19:47:57 2022: Server is using token UUID: '1cb3434d-5e2e-42b4-a8d0-06bac9db8ca6'
Thu Oct 13 19:47:57 2022: SESSION_MGR: creating session with session uuid: '6d04a3e9-ade5-4ab9-8d63-1f78fcd2ec76' and name 'default'
Thu Oct 13 19:47:57 2022: Attempting to start server on port '39573'
Thu Oct 13 19:47:57 2022: XCD main fifo: created main fifo '/tmp/xcdmain1cb3434d-5e2e-42b4-a8d0-06bac9db8ca6', fd read = 13
Thu Oct 13 19:47:57 2022: Running Dispatch Server
Thu Oct 13 19:47:57 2022: Version 2.2.0
Thu Oct 13 19:48:06 2022: Dispatch Server: Accepted socket connection from client
Thu Oct 13 19:48:06 2022: Starting Socket connection
Thu Oct 13 19:48:06 2022: EXCHANGE_TOKEN received, server token: 1cb3434d-5e2e-42b4-a8d0-06bac9db8ca6, passed token: 1cb3434d-5e2e-42b4-a8d0-06bac9db8ca6
Thu Oct 13 19:48:06 2022: DISPATCH_HANDLER: Adding handler from function makeHandler in library libxv_system_diagram
Thu Oct 13 19:48:06 2022: SESSION_MGR: creating session with session uuid: '290d2187-71fc-4c4c-86fa-f718f7bb47b5' and name 'v++_link_krnl_vadd.sw_emu.xilinx_u50_gen3x16_xdma_5_202210_1'
Thu Oct 13 19:48:06 2022: KERNEL_SVC: creating session with uuid: '290d2187-71fc-4c4c-86fa-f718f7bb47b5' and name 'v++_link_krnl_vadd.sw_emu.xilinx_u50_gen3x16_xdma_5_202210_1'
Thu Oct 13 19:48:06 2022: GUIDANCE_SMGR: creating guidance session with uuid: '290d2187-71fc-4c4c-86fa-f718f7bb47b5' and name 'v++_link_krnl_vadd.sw_emu.xilinx_u50_gen3x16_xdma_5_202210_1'
Thu Oct 13 19:48:06 2022: SYSTEM_DIAGRAM: creating session with uuid: '290d2187-71fc-4c4c-86fa-f718f7bb47b5' and name 'v++_link_krnl_vadd.sw_emu.xilinx_u50_gen3x16_xdma_5_202210_1'
Thu Oct 13 19:48:14 2022: SESSION_MGR: closing session for UUID '290d2187-71fc-4c4c-86fa-f718f7bb47b5' with name 'v++_link_krnl_vadd.sw_emu.xilinx_u50_gen3x16_xdma_5_202210_1'
Thu Oct 13 19:48:14 2022: KERNEL_SVC: closing session for UUID '290d2187-71fc-4c4c-86fa-f718f7bb47b5' with name 'v++_link_krnl_vadd.sw_emu.xilinx_u50_gen3x16_xdma_5_202210_1'
Thu Oct 13 19:48:14 2022: GUIDANCE_SMGR: closing session for UUID '290d2187-71fc-4c4c-86fa-f718f7bb47b5' with name 'v++_link_krnl_vadd.sw_emu.xilinx_u50_gen3x16_xdma_5_202210_1'
Thu Oct 13 19:48:14 2022: SYSTEM_DIAGRAM: closing session for UUID '290d2187-71fc-4c4c-86fa-f718f7bb47b5' with name 'v++_link_krnl_vadd.sw_emu.xilinx_u50_gen3x16_xdma_5_202210_1'
Thu Oct 13 19:48:14 2022: STOP_SERVER received, server token: 1cb3434d-5e2e-42b4-a8d0-06bac9db8ca6, passed token: 1cb3434d-5e2e-42b4-a8d0-06bac9db8ca6
Thu Oct 13 19:48:14 2022: Socket received request to stop server.
Thu Oct 13 19:48:14 2022: Dispatch Server: do_await_stop
Thu Oct 13 19:48:14 2022: Dispatch Server: stopping mainFifo_
Thu Oct 13 19:48:14 2022: XCD main fifo: Stopping
Thu Oct 13 19:48:14 2022: XCD main fifo: do_read error code: Operation canceled
Thu Oct 13 19:48:14 2022: XCD main fifo: bytes_transferred: 0
Thu Oct 13 19:48:14 2022: SERVER: destructor for server bound to port 39573
Thu Oct 13 19:48:14 2022: XCD main fifo: Good unlink of /tmp/xcdmain1cb3434d-5e2e-42b4-a8d0-06bac9db8ca6
Thu Oct 13 19:48:14 2022: Server exiting with status 0.
Thu Oct 13 19:48:14 2022: Closing log file.
